{"meta": {"format": 3, "version": "7.11.3", "timestamp": "2025-11-14T07:43:53.097276", "branch_coverage": false, "show_contexts": false}, "files": {"fido2/__init__.py": {"executed_lines": [29], "summary": {"covered_lines": 1, "num_statements": 1, "percent_covered": 100.0, "percent_covered_display": "100", "missing_lines": 0, "excluded_lines": 0}, "missing_lines": [], "excluded_lines": [], "functions": {"": {"executed_lines": [29], "summary": {"covered_lines": 1, "num_statements": 1, "percent_covered": 100.0, "percent_covered_display": "100", "missing_lines": 0, "excluded_lines": 0}, "missing_lines": [], "excluded_lines": []}}, "classes": {"": {"executed_lines": [29], "summary": {"covered_lines": 1, "num_statements": 1, "percent_covered": 100.0, "percent_covered_display": "100", "missing_lines": 0, "excluded_lines": 0}, "missing_lines": [], "excluded_lines": []}}}, "fido2/attestation/__init__.py": {"executed_lines": [28, 41, 42, 43, 44, 45], "summary": {"covered_lines": 6, "num_statements": 6, "percent_covered": 100.0, "percent_covered_display": "100", "missing_lines": 0, "excluded_lines": 0}, "missing_lines": [], "excluded_lines": [], "functions": {"": {"executed_lines": [28, 41, 42, 43, 44, 45], "summary": {"covered_lines": 6, "num_statements": 6, "percent_covered": 100.0, "percent_covered_display": "100", "missing_lines": 0, "excluded_lines": 0}, "missing_lines": [], "excluded_lines": []}}, "classes": {"": {"executed_lines": [28, 41, 42, 43, 44, 45], "summary": {"covered_lines": 6, "num_statements": 6, "percent_covered": 100.0, "percent_covered_display": "100", "missing_lines": 0, "excluded_lines": 0}, "missing_lines": [], "excluded_lines": []}}}, "fido2/attestation/android.py": {"executed_lines": [28, 30, 37, 38, 40, 41, 42, 44, 47, 48, 50, 51, 53, 54, 55, 56, 57, 58, 59, 60, 61, 62, 64, 65, 66, 68, 69, 70, 72, 75], "summary": {"covered_lines": 30, "num_statements": 30, "percent_covered": 100.0, "percent_covered_display": "100", "missing_lines": 0, "excluded_lines": 0}, "missing_lines": [], "excluded_lines": [], "functions": {"AndroidSafetynetAttestation.__init__": {"executed_lines": [51], "summary": {"covered_lines": 1, "num_statements": 1, "percent_covered": 100.0, "percent_covered_display": "100", "missing_lines": 0, "excluded_lines": 0}, "missing_lines": [], "excluded_lines": []}, "AndroidSafetynetAttestation.verify": {"executed_lines": [55, 56, 57, 58, 59, 60, 61, 62, 64, 65, 66, 68, 69, 70, 72, 75], "summary": {"covered_lines": 16, "num_statements": 16, "percent_covered": 100.0, "percent_covered_display": "100", "missing_lines": 0, "excluded_lines": 0}, "missing_lines": [], "excluded_lines": []}, "": {"executed_lines": [28, 30, 37, 38, 40, 41, 42, 44, 47, 48, 50, 53, 54], "summary": {"covered_lines": 13, "num_statements": 13, "percent_covered": 100.0, "percent_covered_display": "100", "missing_lines": 0, "excluded_lines": 0}, "missing_lines": [], "excluded_lines": []}}, "classes": {"AndroidSafetynetAttestation": {"executed_lines": [51, 55, 56, 57, 58, 59, 60, 61, 62, 64, 65, 66, 68, 69, 70, 72, 75], "summary": {"covered_lines": 17, "num_statements": 17, "percent_covered": 100.0, "percent_covered_display": "100", "missing_lines": 0, "excluded_lines": 0}, "missing_lines": [], "excluded_lines": []}, "": {"executed_lines": [28, 30, 37, 38, 40, 41, 42, 44, 47, 48, 50, 53, 54], "summary": {"covered_lines": 13, "num_statements": 13, "percent_covered": 100.0, "percent_covered_display": "100", "missing_lines": 0, "excluded_lines": 0}, "missing_lines": [], "excluded_lines": []}}}, "fido2/attestation/apple.py": {"executed_lines": [28, 30, 37, 39, 40, 41, 44, 47, 48, 50, 51, 52, 53, 54, 55, 56, 57, 58, 59], "summary": {"covered_lines": 19, "num_statements": 19, "percent_covered": 100.0, "percent_covered_display": "100", "missing_lines": 0, "excluded_lines": 0}, "missing_lines": [], "excluded_lines": [], "functions": {"AppleAttestation.verify": {"executed_lines": [52, 53, 54, 55, 56, 57, 58, 59], "summary": {"covered_lines": 8, "num_statements": 8, "percent_covered": 100.0, "percent_covered_display": "100", "missing_lines": 0, "excluded_lines": 0}, "missing_lines": [], "excluded_lines": []}, "": {"executed_lines": [28, 30, 37, 39, 40, 41, 44, 47, 48, 50, 51], "summary": {"covered_lines": 11, "num_statements": 11, "percent_covered": 100.0, "percent_covered_display": "100", "missing_lines": 0, "excluded_lines": 0}, "missing_lines": [], "excluded_lines": []}}, "classes": {"AppleAttestation": {"executed_lines": [52, 53, 54, 55, 56, 57, 58, 59], "summary": {"covered_lines": 8, "num_statements": 8, "percent_covered": 100.0, "percent_covered_display": "100", "missing_lines": 0, "excluded_lines": 0}, "missing_lines": [], "excluded_lines": []}, "": {"executed_lines": [28, 30, 37, 39, 40, 41, 44, 47, 48, 50, 51], "summary": {"covered_lines": 11, "num_statements": 11, "percent_covered": 100.0, "percent_covered_display": "100", "missing_lines": 0, "excluded_lines": 0}, "missing_lines": [], "excluded_lines": []}}}, "fido2/attestation/base.py": {"executed_lines": [28, 30, 35, 36, 37, 38, 39, 40, 41, 42, 43, 45, 48, 49, 52, 53, 56, 57, 60, 61, 64, 65, 67, 68, 73, 74, 77, 78, 79, 81, 82, 83, 84, 85, 88, 89, 90, 92, 93, 96, 97, 98, 100, 101, 102, 103, 106, 109, 110, 111, 112, 113, 116, 119, 120, 177, 183, 187, 188, 189, 190, 191, 194, 195, 196, 197, 203, 204, 205, 215, 218, 219, 221, 222, 233, 234, 236, 237, 238, 240, 241, 242, 244, 247, 248, 249, 251, 252, 255, 256, 258, 259, 260, 261, 264, 265, 268, 269, 270, 276, 277, 284, 285, 291, 292, 294, 295, 305, 358, 381], "summary": {"covered_lines": 100, "num_statements": 171, "percent_covered": 58.47953216374269, "percent_covered_display": "58", "missing_lines": 71, "excluded_lines": 23}, "missing_lines": [114, 125, 126, 130, 131, 132, 133, 137, 140, 141, 145, 146, 150, 151, 152, 161, 162, 163, 164, 165, 171, 172, 192, 193, 211, 212, 213, 266, 271, 272, 273, 303, 310, 312, 313, 314, 315, 316, 318, 319, 324, 325, 326, 327, 328, 333, 334, 339, 340, 341, 343, 344, 345, 346, 347, 348, 349, 354, 356, 366, 368, 369, 370, 371, 373, 374, 376, 377, 378, 379, 383], "excluded_lines": [127, 128, 147, 148, 154, 155, 156, 157, 167, 168, 169, 170, 173, 174, 329, 330, 331, 335, 336, 337, 350, 351, 352], "functions": {"UnsupportedType.__init__": {"executed_lines": [68, 73, 74], "summary": {"covered_lines": 3, "num_statements": 3, "percent_covered": 100.0, "percent_covered_display": "100", "missing_lines": 0, "excluded_lines": 0}, "missing_lines": [], "excluded_lines": []}, "catch_builtins": {"executed_lines": [109, 110, 116], "summary": {"covered_lines": 3, "num_statements": 3, "percent_covered": 100.0, "percent_covered_display": "100", "missing_lines": 0, "excluded_lines": 0}, "missing_lines": [], "excluded_lines": []}, "catch_builtins.inner": {"executed_lines": [111, 112, 113], "summary": {"covered_lines": 3, "num_statements": 4, "percent_covered": 75.0, "percent_covered_display": "75", "missing_lines": 1, "excluded_lines": 0}, "missing_lines": [114], "excluded_lines": []}, "_verify_mldsa_certificate_signature": {"executed_lines": [], "summary": {"covered_lines": 0, "num_statements": 21, "percent_covered": 0.0, "percent_covered_display": "0", "missing_lines": 21, "excluded_lines": 14}, "missing_lines": [125, 126, 130, 131, 132, 133, 137, 140, 141, 145, 146, 150, 151, 152, 161, 162, 163, 164, 165, 171, 172], "excluded_lines": [127, 128, 147, 148, 154, 155, 156, 157, 167, 168, 169, 170, 173, 174]}, "verify_x509_chain": {"executed_lines": [183, 187, 188, 189, 190, 191, 194, 195, 196, 197, 203, 204, 205, 215], "summary": {"covered_lines": 14, "num_statements": 19, "percent_covered": 73.6842105263158, "percent_covered_display": "74", "missing_lines": 5, "excluded_lines": 0}, "missing_lines": [192, 193, 211, 212, 213], "excluded_lines": []}, "Attestation.verify": {"executed_lines": [], "summary": {"covered_lines": 0, "num_statements": 0, "percent_covered": 100.0, "percent_covered_display": "100", "missing_lines": 0, "excluded_lines": 0}, "missing_lines": [], "excluded_lines": []}, "Attestation.for_type": {"executed_lines": [236, 237, 238, 240, 241, 244], "summary": {"covered_lines": 6, "num_statements": 6, "percent_covered": 100.0, "percent_covered_display": "100", "missing_lines": 0, "excluded_lines": 0}, "missing_lines": [], "excluded_lines": []}, "Attestation.for_type.TypedUnsupportedAttestation.__init__": {"executed_lines": [242], "summary": {"covered_lines": 1, "num_statements": 1, "percent_covered": 100.0, "percent_covered_display": "100", "missing_lines": 0, "excluded_lines": 0}, "missing_lines": [], "excluded_lines": []}, "UnsupportedAttestation.__init__": {"executed_lines": [249], "summary": {"covered_lines": 1, "num_statements": 1, "percent_covered": 100.0, "percent_covered_display": "100", "missing_lines": 0, "excluded_lines": 0}, "missing_lines": [], "excluded_lines": []}, "UnsupportedAttestation.verify": {"executed_lines": [252], "summary": {"covered_lines": 1, "num_statements": 1, "percent_covered": 100.0, "percent_covered_display": "100", "missing_lines": 0, "excluded_lines": 0}, "missing_lines": [], "excluded_lines": []}, "NoneAttestation.verify": {"executed_lines": [259, 260, 261], "summary": {"covered_lines": 3, "num_statements": 3, "percent_covered": 100.0, "percent_covered_display": "100", "missing_lines": 0, "excluded_lines": 0}, "missing_lines": [], "excluded_lines": []}, "_validate_cert_common": {"executed_lines": [265, 268, 269, 270], "summary": {"covered_lines": 4, "num_statements": 8, "percent_covered": 50.0, "percent_covered_display": "50", "missing_lines": 4, "excluded_lines": 0}, "missing_lines": [266, 271, 272, 273], "excluded_lines": []}, "_default_attestations": {"executed_lines": [277], "summary": {"covered_lines": 1, "num_statements": 1, "percent_covered": 100.0, "percent_covered_display": "100", "missing_lines": 0, "excluded_lines": 0}, "missing_lines": [], "excluded_lines": []}, "AttestationVerifier.__init__": {"executed_lines": [292], "summary": {"covered_lines": 1, "num_statements": 1, "percent_covered": 100.0, "percent_covered_display": "100", "missing_lines": 0, "excluded_lines": 0}, "missing_lines": [], "excluded_lines": []}, "AttestationVerifier.ca_lookup": {"executed_lines": [], "summary": {"covered_lines": 0, "num_statements": 1, "percent_covered": 0.0, "percent_covered_display": "0", "missing_lines": 1, "excluded_lines": 0}, "missing_lines": [303], "excluded_lines": []}, "AttestationVerifier.collect_trust_path_details": {"executed_lines": [], "summary": {"covered_lines": 0, "num_statements": 27, "percent_covered": 0.0, "percent_covered_display": "0", "missing_lines": 27, "excluded_lines": 9}, "missing_lines": [310, 312, 313, 314, 315, 316, 318, 319, 324, 325, 326, 327, 328, 333, 334, 339, 340, 341, 343, 344, 345, 346, 347, 348, 349, 354, 356], "excluded_lines": [329, 330, 331, 335, 336, 337, 350, 351, 352]}, "AttestationVerifier.verify_attestation": {"executed_lines": [], "summary": {"covered_lines": 0, "num_statements": 11, "percent_covered": 0.0, "percent_covered_display": "0", "missing_lines": 11, "excluded_lines": 0}, "missing_lines": [366, 368, 369, 370, 371, 373, 374, 376, 377, 378, 379], "excluded_lines": []}, "AttestationVerifier.__call__": {"executed_lines": [], "summary": {"covered_lines": 0, "num_statements": 1, "percent_covered": 0.0, "percent_covered_display": "0", "missing_lines": 1, "excluded_lines": 0}, "missing_lines": [383], "excluded_lines": []}, "": {"executed_lines": [28, 30, 35, 36, 37, 38, 39, 40, 41, 42, 43, 45, 48, 49, 52, 53, 56, 57, 60, 61, 64, 65, 67, 77, 78, 79, 81, 82, 83, 84, 85, 88, 89, 90, 92, 93, 96, 97, 98, 100, 101, 102, 103, 106, 119, 120, 177, 218, 219, 221, 222, 233, 234, 247, 248, 251, 255, 256, 258, 264, 276, 284, 285, 291, 294, 295, 305, 358, 381], "summary": {"covered_lines": 59, "num_statements": 59, "percent_covered": 100.0, "percent_covered_display": "100", "missing_lines": 0, "excluded_lines": 0}, "missing_lines": [], "excluded_lines": []}}, "classes": {"InvalidAttestation": {"executed_lines": [], "summary": {"covered_lines": 0, "num_statements": 0, "percent_covered": 100.0, "percent_covered_display": "100", "missing_lines": 0, "excluded_lines": 0}, "missing_lines": [], "excluded_lines": []}, "InvalidData": {"executed_lines": [], "summary": {"covered_lines": 0, "num_statements": 0, "percent_covered": 100.0, "percent_covered_display": "100", "missing_lines": 0, "excluded_lines": 0}, "missing_lines": [], "excluded_lines": []}, "InvalidSignature": {"executed_lines": [], "summary": {"covered_lines": 0, "num_statements": 0, "percent_covered": 100.0, "percent_covered_display": "100", "missing_lines": 0, "excluded_lines": 0}, "missing_lines": [], "excluded_lines": []}, "UntrustedAttestation": {"executed_lines": [], "summary": {"covered_lines": 0, "num_statements": 0, "percent_covered": 100.0, "percent_covered_display": "100", "missing_lines": 0, "excluded_lines": 0}, "missing_lines": [], "excluded_lines": []}, "UnsupportedType": {"executed_lines": [68, 73, 74], "summary": {"covered_lines": 3, "num_statements": 3, "percent_covered": 100.0, "percent_covered_display": "100", "missing_lines": 0, "excluded_lines": 0}, "missing_lines": [], "excluded_lines": []}, "AttestationType": {"executed_lines": [], "summary": {"covered_lines": 0, "num_statements": 0, "percent_covered": 100.0, "percent_covered_display": "100", "missing_lines": 0, "excluded_lines": 0}, "missing_lines": [], "excluded_lines": []}, "AttestationResult": {"executed_lines": [], "summary": {"covered_lines": 0, "num_statements": 0, "percent_covered": 100.0, "percent_covered_display": "100", "missing_lines": 0, "excluded_lines": 0}, "missing_lines": [], "excluded_lines": []}, "TrustPathEvaluation": {"executed_lines": [], "summary": {"covered_lines": 0, "num_statements": 0, "percent_covered": 100.0, "percent_covered_display": "100", "missing_lines": 0, "excluded_lines": 0}, "missing_lines": [], "excluded_lines": []}, "Attestation": {"executed_lines": [236, 237, 238, 240, 241, 244], "summary": {"covered_lines": 6, "num_statements": 6, "percent_covered": 100.0, "percent_covered_display": "100", "missing_lines": 0, "excluded_lines": 0}, "missing_lines": [], "excluded_lines": []}, "Attestation.for_type.TypedUnsupportedAttestation": {"executed_lines": [242], "summary": {"covered_lines": 1, "num_statements": 1, "percent_covered": 100.0, "percent_covered_display": "100", "missing_lines": 0, "excluded_lines": 0}, "missing_lines": [], "excluded_lines": []}, "UnsupportedAttestation": {"executed_lines": [249, 252], "summary": {"covered_lines": 2, "num_statements": 2, "percent_covered": 100.0, "percent_covered_display": "100", "missing_lines": 0, "excluded_lines": 0}, "missing_lines": [], "excluded_lines": []}, "NoneAttestation": {"executed_lines": [259, 260, 261], "summary": {"covered_lines": 3, "num_statements": 3, "percent_covered": 100.0, "percent_covered_display": "100", "missing_lines": 0, "excluded_lines": 0}, "missing_lines": [], "excluded_lines": []}, "AttestationVerifier": {"executed_lines": [292], "summary": {"covered_lines": 1, "num_statements": 41, "percent_covered": 2.4390243902439024, "percent_covered_display": "2", "missing_lines": 40, "excluded_lines": 9}, "missing_lines": [303, 310, 312, 313, 314, 315, 316, 318, 319, 324, 325, 326, 327, 328, 333, 334, 339, 340, 341, 343, 344, 345, 346, 347, 348, 349, 354, 356, 366, 368, 369, 370, 371, 373, 374, 376, 377, 378, 379, 383], "excluded_lines": [329, 330, 331, 335, 336, 337, 350, 351, 352]}, "": {"executed_lines": [28, 30, 35, 36, 37, 38, 39, 40, 41, 42, 43, 45, 48, 49, 52, 53, 56, 57, 60, 61, 64, 65, 67, 77, 78, 79, 81, 82, 83, 84, 85, 88, 89, 90, 92, 93, 96, 97, 98, 100, 101, 102, 103, 106, 109, 110, 111, 112, 113, 116, 119, 120, 177, 183, 187, 188, 189, 190, 191, 194, 195, 196, 197, 203, 204, 205, 215, 218, 219, 221, 222, 233, 234, 247, 248, 251, 255, 256, 258, 264, 265, 268, 269, 270, 276, 277, 284, 285, 291, 294, 295, 305, 358, 381], "summary": {"covered_lines": 84, "num_statements": 115, "percent_covered": 73.04347826086956, "percent_covered_display": "73", "missing_lines": 31, "excluded_lines": 14}, "missing_lines": [114, 125, 126, 130, 131, 132, 133, 137, 140, 141, 145, 146, 150, 151, 152, 161, 162, 163, 164, 165, 171, 172, 192, 193, 211, 212, 213, 266, 271, 272, 273], "excluded_lines": [127, 128, 147, 148, 154, 155, 156, 157, 167, 168, 169, 170, 173, 174]}}}, "fido2/attestation/packed.py": {"executed_lines": [28, 30, 39, 41, 43, 44, 48, 51, 54, 66, 68, 69, 80, 81, 83, 84, 86, 87, 90, 91, 93, 94, 97, 98, 99, 101, 102, 111, 112, 114, 115, 116, 118, 119, 120, 121, 122, 123, 129, 131, 132, 140, 141, 147, 148, 149, 150, 151], "summary": {"covered_lines": 48, "num_statements": 80, "percent_covered": 60.0, "percent_covered_display": "60", "missing_lines": 32, "excluded_lines": 0}, "missing_lines": [55, 56, 58, 59, 60, 61, 63, 70, 71, 72, 76, 78, 82, 85, 88, 92, 95, 100, 103, 107, 108, 117, 133, 134, 135, 136, 137, 138, 143, 144, 145, 146], "excluded_lines": [], "functions": {"_certificate_uses_mldsa": {"executed_lines": [], "summary": {"covered_lines": 0, "num_statements": 7, "percent_covered": 0.0, "percent_covered_display": "0", "missing_lines": 7, "excluded_lines": 0}, "missing_lines": [55, 56, 58, 59, 60, 61, 63], "excluded_lines": []}, "_validate_packed_cert": {"executed_lines": [68, 69, 80, 81, 83, 84, 86, 87, 90, 91, 93, 94, 97, 98, 99, 101, 102], "summary": {"covered_lines": 17, "num_statements": 31, "percent_covered": 54.83870967741935, "percent_covered_display": "55", "missing_lines": 14, "excluded_lines": 0}, "missing_lines": [70, 71, 72, 76, 78, 82, 85, 88, 92, 95, 100, 103, 107, 108], "excluded_lines": []}, "PackedAttestation.verify": {"executed_lines": [116, 118, 119, 120, 121, 122, 123, 129, 131, 132, 140, 141, 147, 148, 149, 150, 151], "summary": {"covered_lines": 17, "num_statements": 28, "percent_covered": 60.714285714285715, "percent_covered_display": "61", "missing_lines": 11, "excluded_lines": 0}, "missing_lines": [117, 133, 134, 135, 136, 137, 138, 143, 144, 145, 146], "excluded_lines": []}, "": {"executed_lines": [28, 30, 39, 41, 43, 44, 48, 51, 54, 66, 111, 112, 114, 115], "summary": {"covered_lines": 14, "num_statements": 14, "percent_covered": 100.0, "percent_covered_display": "100", "missing_lines": 0, "excluded_lines": 0}, "missing_lines": [], "excluded_lines": []}}, "classes": {"PackedAttestation": {"executed_lines": [116, 118, 119, 120, 121, 122, 123, 129, 131, 132, 140, 141, 147, 148, 149, 150, 151], "summary": {"covered_lines": 17, "num_statements": 28, "percent_covered": 60.714285714285715, "percent_covered_display": "61", "missing_lines": 11, "excluded_lines": 0}, "missing_lines": [117, 133, 134, 135, 136, 137, 138, 143, 144, 145, 146], "excluded_lines": []}, "": {"executed_lines": [28, 30, 39, 41, 43, 44, 48, 51, 54, 66, 68, 69, 80, 81, 83, 84, 86, 87, 90, 91, 93, 94, 97, 98, 99, 101, 102, 111, 112, 114, 115], "summary": {"covered_lines": 31, "num_statements": 52, "percent_covered": 59.61538461538461, "percent_covered_display": "60", "missing_lines": 21, "excluded_lines": 0}, "missing_lines": [55, 56, 58, 59, 60, 61, 63, 70, 71, 72, 76, 78, 82, 85, 88, 92, 95, 100, 103, 107, 108], "excluded_lines": []}}}, "fido2/attestation/tpm.py": {"executed_lines": [30, 32, 41, 42, 44, 45, 46, 47, 48, 49, 50, 51, 53, 56, 57, 60, 61, 62, 63, 64, 65, 68, 69, 70, 71, 74, 75, 76, 77, 78, 79, 81, 82, 84, 85, 94, 95, 96, 97, 100, 101, 104, 105, 106, 132, 133, 134, 135, 136, 138, 139, 140, 141, 146, 152, 153, 156, 157, 158, 160, 161, 162, 163, 164, 166, 168, 170, 171, 172, 175, 186, 187, 188, 195, 196, 197, 198, 200, 201, 202, 204, 207, 210, 217, 219, 220, 221, 232, 235, 244, 245, 256, 262, 263, 264, 266, 268, 271, 272, 273, 274, 277, 278, 279, 284, 285, 286, 287, 288, 289, 290, 291, 292, 294, 311, 312, 313, 318, 319, 320, 321, 324, 325, 326, 327, 328, 329, 331, 332, 333, 334, 335, 337, 340, 341, 343, 346, 347, 348, 353, 354, 356, 357, 358, 359, 361, 364, 365, 366, 371, 372, 373, 374, 375, 376, 377, 378, 379, 380, 381, 383, 392, 393, 394, 397, 398, 399, 413, 414, 415, 416, 417, 418, 419, 421, 422, 423, 424, 425, 427, 428, 431, 433, 434, 435, 436, 437, 438, 442, 443, 446, 450, 451, 452, 453, 454, 465, 480, 482, 483, 484, 486, 489, 491, 493, 494, 497, 498, 500, 501, 502, 510, 511, 513, 514, 515, 517, 518, 519, 520, 521, 523, 525, 526, 533, 543, 547, 551, 552, 553, 554, 555, 557, 571, 576, 577], "summary": {"covered_lines": 229, "num_statements": 277, "percent_covered": 82.67148014440433, "percent_covered_display": "83", "missing_lines": 48, "excluded_lines": 0}, "missing_lines": [83, 86, 87, 88, 89, 91, 147, 154, 165, 173, 213, 226, 239, 250, 257, 295, 296, 297, 298, 299, 300, 301, 302, 303, 304, 305, 306, 308, 336, 338, 429, 440, 444, 455, 456, 457, 463, 495, 499, 503, 516, 527, 528, 539, 558, 572, 578, 579], "excluded_lines": [], "functions": {"TpmAlgHash._hash_alg": {"executed_lines": [82, 84, 85], "summary": {"covered_lines": 3, "num_statements": 9, "percent_covered": 33.333333333333336, "percent_covered_display": "33", "missing_lines": 6, "excluded_lines": 0}, "missing_lines": [83, 86, 87, 88, 89, 91], "excluded_lines": []}, "TpmAttestationFormat.parse": {"executed_lines": [140, 141, 146, 152, 153, 156, 157, 158, 160, 161, 162, 163, 164, 166, 168, 170, 171, 172, 175], "summary": {"covered_lines": 19, "num_statements": 23, "percent_covered": 82.6086956521739, "percent_covered_display": "83", "missing_lines": 4, "excluded_lines": 0}, "missing_lines": [147, 154, 165, 173], "excluded_lines": []}, "TpmsRsaParms.parse": {"executed_lines": [202, 204, 207, 210, 217, 219, 220, 221, 232, 235, 244, 245, 256, 262, 263, 264, 266, 268], "summary": {"covered_lines": 18, "num_statements": 23, "percent_covered": 78.26086956521739, "percent_covered_display": "78", "missing_lines": 5, "excluded_lines": 0}, "missing_lines": [213, 226, 239, 250, 257], "excluded_lines": []}, "Tpm2bPublicKeyRsa.parse": {"executed_lines": [274], "summary": {"covered_lines": 1, "num_statements": 1, "percent_covered": 100.0, "percent_covered_display": "100", "missing_lines": 0, "excluded_lines": 0}, "missing_lines": [], "excluded_lines": []}, "TpmEccCurve.to_curve": {"executed_lines": [], "summary": {"covered_lines": 0, "num_statements": 13, "percent_covered": 0.0, "percent_covered_display": "0", "missing_lines": 13, "excluded_lines": 0}, "missing_lines": [295, 296, 297, 298, 299, 300, 301, 302, 303, 304, 305, 306, 308], "excluded_lines": []}, "TpmsEccParms.parse": {"executed_lines": [333, 334, 335, 337, 340, 341, 343], "summary": {"covered_lines": 7, "num_statements": 9, "percent_covered": 77.77777777777777, "percent_covered_display": "78", "missing_lines": 2, "excluded_lines": 0}, "missing_lines": [336, 338], "excluded_lines": []}, "TpmsEccPoint.parse": {"executed_lines": [358, 359, 361], "summary": {"covered_lines": 3, "num_statements": 3, "percent_covered": 100.0, "percent_covered_display": "100", "missing_lines": 0, "excluded_lines": 0}, "missing_lines": [], "excluded_lines": []}, "TpmPublicFormat.parse": {"executed_lines": [423, 424, 425, 427, 428, 431, 433, 434, 435, 436, 437, 438, 442, 443, 446], "summary": {"covered_lines": 15, "num_statements": 18, "percent_covered": 83.33333333333333, "percent_covered_display": "83", "missing_lines": 3, "excluded_lines": 0}, "missing_lines": [429, 440, 444], "excluded_lines": []}, "TpmPublicFormat.public_key": {"executed_lines": [451, 452, 453, 454], "summary": {"covered_lines": 4, "num_statements": 8, "percent_covered": 50.0, "percent_covered_display": "50", "missing_lines": 4, "excluded_lines": 0}, "missing_lines": [455, 456, 457, 463], "excluded_lines": []}, "TpmPublicFormat.name": {"executed_lines": [480, 482, 483, 484, 486], "summary": {"covered_lines": 5, "num_statements": 5, "percent_covered": 100.0, "percent_covered_display": "100", "missing_lines": 0, "excluded_lines": 0}, "missing_lines": [], "excluded_lines": []}, "_validate_tpm_cert": {"executed_lines": [491, 493, 494, 497, 498, 500, 501, 502], "summary": {"covered_lines": 8, "num_statements": 11, "percent_covered": 72.72727272727273, "percent_covered_display": "73", "missing_lines": 3, "excluded_lines": 0}, "missing_lines": [495, 499, 503], "excluded_lines": []}, "TpmAttestation.verify": {"executed_lines": [515, 517, 518, 519, 520, 521, 523, 525, 526, 533, 543, 547, 551, 552, 553, 554, 555, 557, 571, 576, 577], "summary": {"covered_lines": 21, "num_statements": 29, "percent_covered": 72.41379310344827, "percent_covered_display": "72", "missing_lines": 8, "excluded_lines": 0}, "missing_lines": [516, 527, 528, 539, 558, 572, 578, 579], "excluded_lines": []}, "": {"executed_lines": [30, 32, 41, 42, 44, 45, 46, 47, 48, 49, 50, 51, 53, 56, 57, 60, 61, 62, 63, 64, 65, 68, 69, 70, 71, 74, 75, 76, 77, 78, 79, 81, 94, 95, 96, 97, 100, 101, 104, 105, 106, 132, 133, 134, 135, 136, 138, 139, 186, 187, 188, 195, 196, 197, 198, 200, 201, 271, 272, 273, 277, 278, 279, 284, 285, 286, 287, 288, 289, 290, 291, 292, 294, 311, 312, 313, 318, 319, 320, 321, 324, 325, 326, 327, 328, 329, 331, 332, 346, 347, 348, 353, 354, 356, 357, 364, 365, 366, 371, 372, 373, 374, 375, 376, 377, 378, 379, 380, 381, 383, 392, 393, 394, 397, 398, 399, 413, 414, 415, 416, 417, 418, 419, 421, 422, 450, 465, 489, 510, 511, 513, 514], "summary": {"covered_lines": 125, "num_statements": 125, "percent_covered": 100.0, "percent_covered_display": "100", "missing_lines": 0, "excluded_lines": 0}, "missing_lines": [], "excluded_lines": []}}, "classes": {"TpmRsaScheme": {"executed_lines": [], "summary": {"covered_lines": 0, "num_statements": 0, "percent_covered": 100.0, "percent_covered_display": "100", "missing_lines": 0, "excluded_lines": 0}, "missing_lines": [], "excluded_lines": []}, "TpmAlgAsym": {"executed_lines": [], "summary": {"covered_lines": 0, "num_statements": 0, "percent_covered": 100.0, "percent_covered_display": "100", "missing_lines": 0, "excluded_lines": 0}, "missing_lines": [], "excluded_lines": []}, "TpmAlgHash": {"executed_lines": [82, 84, 85], "summary": {"covered_lines": 3, "num_statements": 9, "percent_covered": 33.333333333333336, "percent_covered_display": "33", "missing_lines": 6, "excluded_lines": 0}, "missing_lines": [83, 86, 87, 88, 89, 91], "excluded_lines": []}, "TpmsCertifyInfo": {"executed_lines": [], "summary": {"covered_lines": 0, "num_statements": 0, "percent_covered": 100.0, "percent_covered_display": "100", "missing_lines": 0, "excluded_lines": 0}, "missing_lines": [], "excluded_lines": []}, "TpmAttestationFormat": {"executed_lines": [140, 141, 146, 152, 153, 156, 157, 158, 160, 161, 162, 163, 164, 166, 168, 170, 171, 172, 175], "summary": {"covered_lines": 19, "num_statements": 23, "percent_covered": 82.6086956521739, "percent_covered_display": "83", "missing_lines": 4, "excluded_lines": 0}, "missing_lines": [147, 154, 165, 173], "excluded_lines": []}, "TpmsRsaParms": {"executed_lines": [202, 204, 207, 210, 217, 219, 220, 221, 232, 235, 244, 245, 256, 262, 263, 264, 266, 268], "summary": {"covered_lines": 18, "num_statements": 23, "percent_covered": 78.26086956521739, "percent_covered_display": "78", "missing_lines": 5, "excluded_lines": 0}, "missing_lines": [213, 226, 239, 250, 257], "excluded_lines": []}, "Tpm2bPublicKeyRsa": {"executed_lines": [274], "summary": {"covered_lines": 1, "num_statements": 1, "percent_covered": 100.0, "percent_covered_display": "100", "missing_lines": 0, "excluded_lines": 0}, "missing_lines": [], "excluded_lines": []}, "TpmEccCurve": {"executed_lines": [], "summary": {"covered_lines": 0, "num_statements": 13, "percent_covered": 0.0, "percent_covered_display": "0", "missing_lines": 13, "excluded_lines": 0}, "missing_lines": [295, 296, 297, 298, 299, 300, 301, 302, 303, 304, 305, 306, 308], "excluded_lines": []}, "TpmiAlgKdf": {"executed_lines": [], "summary": {"covered_lines": 0, "num_statements": 0, "percent_covered": 100.0, "percent_covered_display": "100", "missing_lines": 0, "excluded_lines": 0}, "missing_lines": [], "excluded_lines": []}, "TpmsEccParms": {"executed_lines": [333, 334, 335, 337, 340, 341, 343], "summary": {"covered_lines": 7, "num_statements": 9, "percent_covered": 77.77777777777777, "percent_covered_display": "78", "missing_lines": 2, "excluded_lines": 0}, "missing_lines": [336, 338], "excluded_lines": []}, "TpmsEccPoint": {"executed_lines": [358, 359, 361], "summary": {"covered_lines": 3, "num_statements": 3, "percent_covered": 100.0, "percent_covered_display": "100", "missing_lines": 0, "excluded_lines": 0}, "missing_lines": [], "excluded_lines": []}, "ATTRIBUTES": {"executed_lines": [], "summary": {"covered_lines": 0, "num_statements": 0, "percent_covered": 100.0, "percent_covered_display": "100", "missing_lines": 0, "excluded_lines": 0}, "missing_lines": [], "excluded_lines": []}, "TpmPublicFormat": {"executed_lines": [423, 424, 425, 427, 428, 431, 433, 434, 435, 436, 437, 438, 442, 443, 446, 451, 452, 453, 454, 480, 482, 483, 484, 486], "summary": {"covered_lines": 24, "num_statements": 31, "percent_covered": 77.41935483870968, "percent_covered_display": "77", "missing_lines": 7, "excluded_lines": 0}, "missing_lines": [429, 440, 444, 455, 456, 457, 463], "excluded_lines": []}, "TpmAttestation": {"executed_lines": [515, 517, 518, 519, 520, 521, 523, 525, 526, 533, 543, 547, 551, 552, 553, 554, 555, 557, 571, 576, 577], "summary": {"covered_lines": 21, "num_statements": 29, "percent_covered": 72.41379310344827, "percent_covered_display": "72", "missing_lines": 8, "excluded_lines": 0}, "missing_lines": [516, 527, 528, 539, 558, 572, 578, 579], "excluded_lines": []}, "": {"executed_lines": [30, 32, 41, 42, 44, 45, 46, 47, 48, 49, 50, 51, 53, 56, 57, 60, 61, 62, 63, 64, 65, 68, 69, 70, 71, 74, 75, 76, 77, 78, 79, 81, 94, 95, 96, 97, 100, 101, 104, 105, 106, 132, 133, 134, 135, 136, 138, 139, 186, 187, 188, 195, 196, 197, 198, 200, 201, 271, 272, 273, 277, 278, 279, 284, 285, 286, 287, 288, 289, 290, 291, 292, 294, 311, 312, 313, 318, 319, 320, 321, 324, 325, 326, 327, 328, 329, 331, 332, 346, 347, 348, 353, 354, 356, 357, 364, 365, 366, 371, 372, 373, 374, 375, 376, 377, 378, 379, 380, 381, 383, 392, 393, 394, 397, 398, 399, 413, 414, 415, 416, 417, 418, 419, 421, 422, 450, 465, 489, 491, 493, 494, 497, 498, 500, 501, 502, 510, 511, 513, 514], "summary": {"covered_lines": 133, "num_statements": 136, "percent_covered": 97.79411764705883, "percent_covered_display": "98", "missing_lines": 3, "excluded_lines": 0}, "missing_lines": [495, 499, 503], "excluded_lines": []}}}, "fido2/attestation/u2f.py": {"executed_lines": [28, 30, 37, 39, 40, 41, 44, 45, 47, 48, 49, 50, 51, 52, 60, 62, 63, 66, 67, 68, 69, 70, 71], "summary": {"covered_lines": 23, "num_statements": 23, "percent_covered": 100.0, "percent_covered_display": "100", "missing_lines": 0, "excluded_lines": 0}, "missing_lines": [], "excluded_lines": [], "functions": {"FidoU2FAttestation.verify": {"executed_lines": [49, 50, 51, 52, 60], "summary": {"covered_lines": 5, "num_statements": 5, "percent_covered": 100.0, "percent_covered_display": "100", "missing_lines": 0, "excluded_lines": 0}, "missing_lines": [], "excluded_lines": []}, "FidoU2FAttestation.verify_signature": {"executed_lines": [66, 67, 68, 69, 70, 71], "summary": {"covered_lines": 6, "num_statements": 6, "percent_covered": 100.0, "percent_covered_display": "100", "missing_lines": 0, "excluded_lines": 0}, "missing_lines": [], "excluded_lines": []}, "": {"executed_lines": [28, 30, 37, 39, 40, 41, 44, 45, 47, 48, 62, 63], "summary": {"covered_lines": 12, "num_statements": 12, "percent_covered": 100.0, "percent_covered_display": "100", "missing_lines": 0, "excluded_lines": 0}, "missing_lines": [], "excluded_lines": []}}, "classes": {"FidoU2FAttestation": {"executed_lines": [49, 50, 51, 52, 60, 66, 67, 68, 69, 70, 71], "summary": {"covered_lines": 11, "num_statements": 11, "percent_covered": 100.0, "percent_covered_display": "100", "missing_lines": 0, "excluded_lines": 0}, "missing_lines": [], "excluded_lines": []}, "": {"executed_lines": [28, 30, 37, 39, 40, 41, 44, 45, 47, 48, 62, 63], "summary": {"covered_lines": 12, "num_statements": 12, "percent_covered": 100.0, "percent_covered_display": "100", "missing_lines": 0, "excluded_lines": 0}, "missing_lines": [], "excluded_lines": []}}}, "fido2/cbor.py": {"executed_lines": [29, 40, 42, 43, 46, 50, 51, 52, 53, 55, 56, 57, 58, 59, 60, 61, 62, 63, 65, 66, 69, 70, 73, 74, 77, 78, 79, 82, 83, 84, 85, 88, 89, 92, 93, 94, 97, 107, 108, 109, 110, 111, 112, 113, 114, 115, 116, 117, 118, 121, 122, 123, 126, 127, 130, 131, 132, 135, 136, 137, 140, 141, 142, 143, 144, 145, 146, 149, 150, 151, 152, 153, 154, 155, 156, 159, 170, 172, 173, 174, 175, 178, 184, 185, 188, 193, 194, 195, 196], "summary": {"covered_lines": 88, "num_statements": 88, "percent_covered": 100.0, "percent_covered_display": "100", "missing_lines": 0, "excluded_lines": 0}, "missing_lines": [], "excluded_lines": [], "functions": {"dump_int": {"executed_lines": [51, 52, 53, 55, 56, 57, 58, 59, 60, 61, 62, 63, 65, 66], "summary": {"covered_lines": 14, "num_statements": 14, "percent_covered": 100.0, "percent_covered_display": "100", "missing_lines": 0, "excluded_lines": 0}, "missing_lines": [], "excluded_lines": []}, "dump_bool": {"executed_lines": [70], "summary": {"covered_lines": 1, "num_statements": 1, "percent_covered": 100.0, "percent_covered_display": "100", "missing_lines": 0, "excluded_lines": 0}, "missing_lines": [], "excluded_lines": []}, "dump_list": {"executed_lines": [74], "summary": {"covered_lines": 1, "num_statements": 1, "percent_covered": 100.0, "percent_covered_display": "100", "missing_lines": 0, "excluded_lines": 0}, "missing_lines": [], "excluded_lines": []}, "_sort_keys": {"executed_lines": [78, 79], "summary": {"covered_lines": 2, "num_statements": 2, "percent_covered": 100.0, "percent_covered_display": "100", "missing_lines": 0, "excluded_lines": 0}, "missing_lines": [], "excluded_lines": []}, "dump_dict": {"executed_lines": [83, 84, 85], "summary": {"covered_lines": 3, "num_statements": 3, "percent_covered": 100.0, "percent_covered_display": "100", "missing_lines": 0, "excluded_lines": 0}, "missing_lines": [], "excluded_lines": []}, "dump_bytes": {"executed_lines": [89], "summary": {"covered_lines": 1, "num_statements": 1, "percent_covered": 100.0, "percent_covered_display": "100", "missing_lines": 0, "excluded_lines": 0}, "missing_lines": [], "excluded_lines": []}, "dump_text": {"executed_lines": [93, 94], "summary": {"covered_lines": 2, "num_statements": 2, "percent_covered": 100.0, "percent_covered_display": "100", "missing_lines": 0, "excluded_lines": 0}, "missing_lines": [], "excluded_lines": []}, "load_int": {"executed_lines": [108, 109, 110, 111, 112, 113, 114, 115, 116, 117, 118], "summary": {"covered_lines": 11, "num_statements": 11, "percent_covered": 100.0, "percent_covered_display": "100", "missing_lines": 0, "excluded_lines": 0}, "missing_lines": [], "excluded_lines": []}, "load_nint": {"executed_lines": [122, 123], "summary": {"covered_lines": 2, "num_statements": 2, "percent_covered": 100.0, "percent_covered_display": "100", "missing_lines": 0, "excluded_lines": 0}, "missing_lines": [], "excluded_lines": []}, "load_bool": {"executed_lines": [127], "summary": {"covered_lines": 1, "num_statements": 1, "percent_covered": 100.0, "percent_covered_display": "100", "missing_lines": 0, "excluded_lines": 0}, "missing_lines": [], "excluded_lines": []}, "load_bytes": {"executed_lines": [131, 132], "summary": {"covered_lines": 2, "num_statements": 2, "percent_covered": 100.0, "percent_covered_display": "100", "missing_lines": 0, "excluded_lines": 0}, "missing_lines": [], "excluded_lines": []}, "load_text": {"executed_lines": [136, 137], "summary": {"covered_lines": 2, "num_statements": 2, "percent_covered": 100.0, "percent_covered_display": "100", "missing_lines": 0, "excluded_lines": 0}, "missing_lines": [], "excluded_lines": []}, "load_array": {"executed_lines": [141, 142, 143, 144, 145, 146], "summary": {"covered_lines": 6, "num_statements": 6, "percent_covered": 100.0, "percent_covered_display": "100", "missing_lines": 0, "excluded_lines": 0}, "missing_lines": [], "excluded_lines": []}, "load_map": {"executed_lines": [150, 151, 152, 153, 154, 155, 156], "summary": {"covered_lines": 7, "num_statements": 7, "percent_covered": 100.0, "percent_covered_display": "100", "missing_lines": 0, "excluded_lines": 0}, "missing_lines": [], "excluded_lines": []}, "encode": {"executed_lines": [172, 173, 174, 175], "summary": {"covered_lines": 4, "num_statements": 4, "percent_covered": 100.0, "percent_covered_display": "100", "missing_lines": 0, "excluded_lines": 0}, "missing_lines": [], "excluded_lines": []}, "decode_from": {"executed_lines": [184, 185], "summary": {"covered_lines": 2, "num_statements": 2, "percent_covered": 100.0, "percent_covered_display": "100", "missing_lines": 0, "excluded_lines": 0}, "missing_lines": [], "excluded_lines": []}, "decode": {"executed_lines": [193, 194, 195, 196], "summary": {"covered_lines": 4, "num_statements": 4, "percent_covered": 100.0, "percent_covered_display": "100", "missing_lines": 0, "excluded_lines": 0}, "missing_lines": [], "excluded_lines": []}, "": {"executed_lines": [29, 40, 42, 43, 46, 50, 69, 73, 77, 82, 88, 92, 97, 107, 121, 126, 130, 135, 140, 149, 159, 170, 178, 188], "summary": {"covered_lines": 23, "num_statements": 23, "percent_covered": 100.0, "percent_covered_display": "100", "missing_lines": 0, "excluded_lines": 0}, "missing_lines": [], "excluded_lines": []}}, "classes": {"": {"executed_lines": [29, 40, 42, 43, 46, 50, 51, 52, 53, 55, 56, 57, 58, 59, 60, 61, 62, 63, 65, 66, 69, 70, 73, 74, 77, 78, 79, 82, 83, 84, 85, 88, 89, 92, 93, 94, 97, 107, 108, 109, 110, 111, 112, 113, 114, 115, 116, 117, 118, 121, 122, 123, 126, 127, 130, 131, 132, 135, 136, 137, 140, 141, 142, 143, 144, 145, 146, 149, 150, 151, 152, 153, 154, 155, 156, 159, 170, 172, 173, 174, 175, 178, 184, 185, 188, 193, 194, 195, 196], "summary": {"covered_lines": 88, "num_statements": 88, "percent_covered": 100.0, "percent_covered_display": "100", "missing_lines": 0, "excluded_lines": 0}, "missing_lines": [], "excluded_lines": []}}}, "fido2/client/__init__.py": {"executed_lines": [28, 30, 31, 32, 33, 34, 35, 36, 38, 39, 40, 41, 42, 48, 49, 50, 51, 52, 73, 76, 77, 79, 80, 81, 83, 84, 85, 86, 87, 89, 90, 92, 93, 94, 96, 103, 104, 105, 139, 142, 143, 145, 151, 152, 153, 154, 155, 169, 170, 176, 186, 190, 193, 213, 214, 216, 217, 229, 230, 243, 244, 249, 253, 262, 270, 271, 277, 278, 289, 290, 296, 297, 298, 300, 306, 307, 308, 309, 313, 319, 321, 323, 324, 325, 328, 330, 332, 333, 334, 335, 339, 341, 343, 346, 356, 357, 361, 364, 365, 367, 368, 371, 372, 382, 383, 393, 394, 395, 396, 397, 398, 400, 410, 418, 419, 420, 421, 422, 424, 432, 434, 435, 452, 463, 464, 466, 476, 512, 513, 524, 537, 538, 541, 542, 545, 546, 548, 551, 552, 558, 559, 560, 561, 563, 616, 639, 640, 641, 644, 645, 649, 660, 662, 664, 666, 698, 708, 710, 711, 712, 734, 736, 744, 745, 746, 747, 748, 750, 751, 754, 755, 766, 767, 768, 769, 773, 774, 776, 778, 779, 784, 785, 786, 787, 792, 802, 810, 813, 814, 815, 822, 823, 827, 828, 839, 840, 846, 849, 866, 867, 868, 869, 870, 871, 872, 874, 881, 885, 886, 895, 898, 899, 900, 907, 911, 912, 914, 926, 1058, 1059, 1069, 1076, 1079, 1081, 1082, 1085, 1086, 1088, 1089, 1090, 1092, 1098, 1109, 1110, 1111, 1112, 1113, 1114, 1116, 1119, 1120, 1122, 1123, 1130, 1131, 1133, 1134, 1136], "summary": {"covered_lines": 235, "num_statements": 493, "percent_covered": 47.66734279918864, "percent_covered_display": "48", "missing_lines": 258, "excluded_lines": 8}, "missing_lines": [97, 98, 99, 100, 106, 111, 112, 117, 118, 135, 137, 148, 156, 157, 158, 159, 160, 161, 163, 164, 165, 166, 182, 183, 184, 188, 191, 195, 197, 227, 240, 251, 259, 260, 266, 267, 311, 314, 315, 316, 317, 326, 327, 337, 358, 359, 369, 380, 390, 401, 430, 436, 437, 438, 439, 440, 441, 442, 450, 483, 484, 486, 487, 489, 490, 491, 492, 493, 502, 505, 506, 507, 508, 509, 520, 521, 522, 526, 527, 528, 529, 530, 531, 532, 533, 534, 547, 567, 570, 571, 572, 574, 575, 576, 577, 579, 580, 582, 583, 584, 585, 586, 597, 599, 601, 602, 603, 604, 606, 607, 609, 610, 611, 614, 617, 618, 621, 622, 630, 631, 636, 637, 657, 658, 659, 661, 663, 678, 679, 680, 681, 684, 685, 686, 689, 690, 691, 692, 693, 696, 713, 714, 722, 732, 733, 756, 757, 759, 760, 763, 771, 781, 788, 789, 803, 816, 817, 818, 819, 820, 830, 831, 832, 833, 834, 835, 836, 841, 878, 879, 882, 883, 891, 892, 893, 894, 901, 902, 903, 904, 905, 933, 934, 935, 937, 940, 941, 942, 943, 945, 947, 949, 951, 954, 955, 956, 957, 958, 959, 962, 972, 973, 980, 983, 984, 985, 986, 987, 988, 989, 990, 992, 995, 996, 997, 1002, 1004, 1007, 1012, 1023, 1027, 1028, 1029, 1030, 1031, 1032, 1034, 1038, 1039, 1041, 1042, 1043, 1045, 1046, 1051, 1052, 1053, 1054, 1055, 1093, 1094, 1095, 1096, 1147, 1148, 1149, 1150, 1151, 1152, 1154, 1157, 1158, 1160, 1161, 1167, 1168, 1170, 1171], "excluded_lines": [537, 538, 539, 540, 541, 542, 543, 544], "functions": {"ClientError.ERR.__call__": {"executed_lines": [90], "summary": {"covered_lines": 1, "num_statements": 1, "percent_covered": 100.0, "percent_covered_display": "100", "missing_lines": 0, "excluded_lines": 0}, "missing_lines": [], "excluded_lines": []}, "ClientError.__init__": {"executed_lines": [93, 94], "summary": {"covered_lines": 2, "num_statements": 2, "percent_covered": 100.0, "percent_covered_display": "100", "missing_lines": 0, "excluded_lines": 0}, "missing_lines": [], "excluded_lines": []}, "ClientError.__repr__": {"executed_lines": [], "summary": {"covered_lines": 0, "num_statements": 4, "percent_covered": 0.0, "percent_covered_display": "0", "missing_lines": 4, "excluded_lines": 0}, "missing_lines": [97, 98, 99, 100], "excluded_lines": []}, "_ctap2client_err": {"executed_lines": [104, 105, 139], "summary": {"covered_lines": 3, "num_statements": 10, "percent_covered": 30.0, "percent_covered_display": "30", "missing_lines": 7, "excluded_lines": 0}, "missing_lines": [106, 111, 112, 117, 118, 135, 137], "excluded_lines": []}, "PinRequiredError.__init__": {"executed_lines": [], "summary": {"covered_lines": 0, "num_statements": 1, "percent_covered": 0.0, "percent_covered_display": "0", "missing_lines": 1, "excluded_lines": 0}, "missing_lines": [148], "excluded_lines": []}, "_call_polling": {"executed_lines": [152, 153, 154, 155], "summary": {"covered_lines": 4, "num_statements": 14, "percent_covered": 28.571428571428573, "percent_covered_display": "29", "missing_lines": 10, "excluded_lines": 0}, "missing_lines": [156, 157, 158, 159, 160, 161, 163, 164, 165, 166], "excluded_lines": []}, "AssertionSelection.__init__": {"executed_lines": [], "summary": {"covered_lines": 0, "num_statements": 3, "percent_covered": 0.0, "percent_covered_display": "0", "missing_lines": 3, "excluded_lines": 0}, "missing_lines": [182, 183, 184], "excluded_lines": []}, "AssertionSelection.get_assertions": {"executed_lines": [], "summary": {"covered_lines": 0, "num_statements": 1, "percent_covered": 0.0, "percent_covered_display": "0", "missing_lines": 1, "excluded_lines": 0}, "missing_lines": [188], "excluded_lines": []}, "AssertionSelection._get_extension_results": {"executed_lines": [], "summary": {"covered_lines": 0, "num_statements": 1, "percent_covered": 0.0, "percent_covered_display": "0", "missing_lines": 1, "excluded_lines": 0}, "missing_lines": [191], "excluded_lines": []}, "AssertionSelection.get_response": {"executed_lines": [], "summary": {"covered_lines": 0, "num_statements": 2, "percent_covered": 0.0, "percent_covered_display": "0", "missing_lines": 2, "excluded_lines": 0}, "missing_lines": [195, 197], "excluded_lines": []}, "WebAuthnClient.make_credential": {"executed_lines": [], "summary": {"covered_lines": 0, "num_statements": 1, "percent_covered": 0.0, "percent_covered_display": "0", "missing_lines": 1, "excluded_lines": 0}, "missing_lines": [227], "excluded_lines": []}, "WebAuthnClient.get_assertion": {"executed_lines": [], "summary": {"covered_lines": 0, "num_statements": 1, "percent_covered": 0.0, "percent_covered_display": "0", "missing_lines": 1, "excluded_lines": 0}, "missing_lines": [240], "excluded_lines": []}, "UserInteraction.prompt_up": {"executed_lines": [], "summary": {"covered_lines": 0, "num_statements": 1, "percent_covered": 0.0, "percent_covered_display": "0", "missing_lines": 1, "excluded_lines": 0}, "missing_lines": [251], "excluded_lines": []}, "UserInteraction.request_pin": {"executed_lines": [], "summary": {"covered_lines": 0, "num_statements": 2, "percent_covered": 0.0, "percent_covered_display": "0", "missing_lines": 2, "excluded_lines": 0}, "missing_lines": [259, 260], "excluded_lines": []}, "UserInteraction.request_uv": {"executed_lines": [], "summary": {"covered_lines": 0, "num_statements": 2, "percent_covered": 0.0, "percent_covered_display": "0", "missing_lines": 2, "excluded_lines": 0}, "missing_lines": [266, 267], "excluded_lines": []}, "ClientDataCollector.collect_client_data": {"executed_lines": [], "summary": {"covered_lines": 0, "num_statements": 0, "percent_covered": 100.0, "percent_covered_display": "100", "missing_lines": 0, "excluded_lines": 0}, "missing_lines": [], "excluded_lines": []}, "DefaultClientDataCollector.__init__": {"executed_lines": [297, 298], "summary": {"covered_lines": 2, "num_statements": 2, "percent_covered": 100.0, "percent_covered_display": "100", "missing_lines": 0, "excluded_lines": 0}, "missing_lines": [], "excluded_lines": []}, "DefaultClientDataCollector.get_rp_id": {"executed_lines": [306, 307, 308, 309, 313, 319], "summary": {"covered_lines": 6, "num_statements": 11, "percent_covered": 54.54545454545455, "percent_covered_display": "55", "missing_lines": 5, "excluded_lines": 0}, "missing_lines": [311, 314, 315, 316, 317], "excluded_lines": []}, "DefaultClientDataCollector.verify_rp_id": {"executed_lines": [323, 324, 325, 328], "summary": {"covered_lines": 4, "num_statements": 6, "percent_covered": 66.66666666666667, "percent_covered_display": "67", "missing_lines": 2, "excluded_lines": 0}, "missing_lines": [326, 327], "excluded_lines": []}, "DefaultClientDataCollector.get_request_type": {"executed_lines": [332, 333, 334, 335], "summary": {"covered_lines": 4, "num_statements": 5, "percent_covered": 80.0, "percent_covered_display": "80", "missing_lines": 1, "excluded_lines": 0}, "missing_lines": [337], "excluded_lines": []}, "DefaultClientDataCollector.collect_client_data": {"executed_lines": [341, 343, 346], "summary": {"covered_lines": 3, "num_statements": 3, "percent_covered": 100.0, "percent_covered_display": "100", "missing_lines": 0, "excluded_lines": 0}, "missing_lines": [], "excluded_lines": []}, "_user_keepalive": {"executed_lines": [357, 361], "summary": {"covered_lines": 2, "num_statements": 2, "percent_covered": 100.0, "percent_covered_display": "100", "missing_lines": 0, "excluded_lines": 0}, "missing_lines": [], "excluded_lines": []}, "_user_keepalive.on_keepalive": {"executed_lines": [], "summary": {"covered_lines": 0, "num_statements": 2, "percent_covered": 0.0, "percent_covered_display": "0", "missing_lines": 2, "excluded_lines": 0}, "missing_lines": [358, 359], "excluded_lines": []}, "_ClientBackend.selection": {"executed_lines": [], "summary": {"covered_lines": 0, "num_statements": 1, "percent_covered": 0.0, "percent_covered_display": "0", "missing_lines": 1, "excluded_lines": 0}, "missing_lines": [369], "excluded_lines": []}, "_ClientBackend.do_make_credential": {"executed_lines": [], "summary": {"covered_lines": 0, "num_statements": 1, "percent_covered": 0.0, "percent_covered_display": "0", "missing_lines": 1, "excluded_lines": 0}, "missing_lines": [380], "excluded_lines": []}, "_ClientBackend.do_get_assertion": {"executed_lines": [], "summary": {"covered_lines": 0, "num_statements": 1, "percent_covered": 0.0, "percent_covered_display": "0", "missing_lines": 1, "excluded_lines": 0}, "missing_lines": [390], "excluded_lines": []}, "_Ctap1ClientBackend.__init__": {"executed_lines": [395, 396, 397, 398], "summary": {"covered_lines": 4, "num_statements": 4, "percent_covered": 100.0, "percent_covered_display": "100", "missing_lines": 0, "excluded_lines": 0}, "missing_lines": [], "excluded_lines": []}, "_Ctap1ClientBackend.selection": {"executed_lines": [], "summary": {"covered_lines": 0, "num_statements": 1, "percent_covered": 0.0, "percent_covered_display": "0", "missing_lines": 1, "excluded_lines": 0}, "missing_lines": [401], "excluded_lines": []}, "_Ctap1ClientBackend.do_make_credential": {"executed_lines": [418, 419, 420, 421, 422, 424, 432, 434, 435, 452, 463, 464, 466], "summary": {"covered_lines": 13, "num_statements": 22, "percent_covered": 59.09090909090909, "percent_covered_display": "59", "missing_lines": 9, "excluded_lines": 0}, "missing_lines": [430, 436, 437, 438, 439, 440, 441, 442, 450], "excluded_lines": []}, "_Ctap1ClientBackend.do_get_assertion": {"executed_lines": [], "summary": {"covered_lines": 0, "num_statements": 15, "percent_covered": 0.0, "percent_covered_display": "0", "missing_lines": 15, "excluded_lines": 0}, "missing_lines": [483, 484, 486, 487, 489, 490, 491, 492, 493, 502, 505, 506, 507, 508, 509], "excluded_lines": []}, "_Ctap2ClientAssertionSelection.__init__": {"executed_lines": [], "summary": {"covered_lines": 0, "num_statements": 3, "percent_covered": 0.0, "percent_covered_display": "0", "missing_lines": 3, "excluded_lines": 0}, "missing_lines": [520, 521, 522], "excluded_lines": []}, "_Ctap2ClientAssertionSelection._get_extension_results": {"executed_lines": [], "summary": {"covered_lines": 0, "num_statements": 9, "percent_covered": 0.0, "percent_covered_display": "0", "missing_lines": 9, "excluded_lines": 0}, "missing_lines": [526, 527, 528, 529, 530, 531, 532, 533, 534], "excluded_lines": []}, "_cbor_list": {"executed_lines": [546, 548], "summary": {"covered_lines": 2, "num_statements": 3, "percent_covered": 66.66666666666667, "percent_covered_display": "67", "missing_lines": 1, "excluded_lines": 0}, "missing_lines": [547], "excluded_lines": []}, "_Ctap2ClientBackend.__init__": {"executed_lines": [558, 559, 560, 561], "summary": {"covered_lines": 4, "num_statements": 4, "percent_covered": 100.0, "percent_covered_display": "100", "missing_lines": 0, "excluded_lines": 0}, "missing_lines": [], "excluded_lines": []}, "_Ctap2ClientBackend._filter_creds": {"executed_lines": [], "summary": {"covered_lines": 0, "num_statements": 27, "percent_covered": 0.0, "percent_covered_display": "0", "missing_lines": 27, "excluded_lines": 0}, "missing_lines": [567, 570, 571, 572, 574, 575, 576, 577, 579, 580, 582, 583, 584, 585, 586, 597, 599, 601, 602, 603, 604, 606, 607, 609, 610, 611, 614], "excluded_lines": []}, "_Ctap2ClientBackend.selection": {"executed_lines": [], "summary": {"covered_lines": 0, "num_statements": 8, "percent_covered": 0.0, "percent_covered_display": "0", "missing_lines": 8, "excluded_lines": 0}, "missing_lines": [617, 618, 621, 622, 630, 631, 636, 637], "excluded_lines": []}, "_Ctap2ClientBackend._should_use_uv": {"executed_lines": [640, 641, 644, 645, 649, 660, 662, 664], "summary": {"covered_lines": 8, "num_statements": 13, "percent_covered": 61.53846153846154, "percent_covered_display": "62", "missing_lines": 5, "excluded_lines": 0}, "missing_lines": [657, 658, 659, 661, 663], "excluded_lines": []}, "_Ctap2ClientBackend._get_token": {"executed_lines": [], "summary": {"covered_lines": 0, "num_statements": 13, "percent_covered": 0.0, "percent_covered_display": "0", "missing_lines": 13, "excluded_lines": 0}, "missing_lines": [678, 679, 680, 681, 684, 685, 686, 689, 690, 691, 692, 693, 696], "excluded_lines": []}, "_Ctap2ClientBackend._get_auth_params": {"executed_lines": [708, 710, 711, 712, 734], "summary": {"covered_lines": 5, "num_statements": 10, "percent_covered": 50.0, "percent_covered_display": "50", "missing_lines": 5, "excluded_lines": 0}, "missing_lines": [713, 714, 722, 732, 733], "excluded_lines": []}, "_Ctap2ClientBackend.do_make_credential": {"executed_lines": [744, 745, 746, 747, 748, 750, 751, 754, 755, 766, 767, 768, 769, 773, 774, 776, 866, 867, 868, 869, 870, 871, 872, 874, 881, 885, 886, 895, 898, 899, 900, 907, 911, 912, 914], "summary": {"covered_lines": 35, "num_statements": 54, "percent_covered": 64.81481481481481, "percent_covered_display": "65", "missing_lines": 19, "excluded_lines": 0}, "missing_lines": [756, 757, 759, 760, 763, 771, 878, 879, 882, 883, 891, 892, 893, 894, 901, 902, 903, 904, 905], "excluded_lines": []}, "_Ctap2ClientBackend.do_make_credential._do_make": {"executed_lines": [778, 779, 784, 785, 786, 787, 792, 802, 810, 813, 814, 815, 822, 823, 827, 828, 839, 840, 846, 849], "summary": {"covered_lines": 20, "num_statements": 37, "percent_covered": 54.054054054054056, "percent_covered_display": "54", "missing_lines": 17, "excluded_lines": 0}, "missing_lines": [781, 788, 789, 803, 816, 817, 818, 819, 820, 830, 831, 832, 833, 834, 835, 836, 841], "excluded_lines": []}, "_Ctap2ClientBackend.do_get_assertion": {"executed_lines": [], "summary": {"covered_lines": 0, "num_statements": 30, "percent_covered": 0.0, "percent_covered_display": "0", "missing_lines": 30, "excluded_lines": 0}, "missing_lines": [933, 934, 935, 937, 940, 941, 942, 943, 945, 947, 949, 1027, 1028, 1029, 1030, 1031, 1032, 1034, 1038, 1039, 1041, 1042, 1043, 1045, 1046, 1051, 1052, 1053, 1054, 1055], "excluded_lines": []}, "_Ctap2ClientBackend.do_get_assertion._do_auth": {"executed_lines": [], "summary": {"covered_lines": 0, "num_statements": 28, "percent_covered": 0.0, "percent_covered_display": "0", "missing_lines": 28, "excluded_lines": 0}, "missing_lines": [951, 954, 955, 956, 957, 958, 959, 962, 972, 973, 980, 983, 984, 985, 986, 987, 988, 989, 990, 992, 995, 996, 997, 1002, 1004, 1007, 1012, 1023], "excluded_lines": []}, "Fido2Client.__init__": {"executed_lines": [1076, 1079, 1081, 1082, 1085, 1086], "summary": {"covered_lines": 6, "num_statements": 6, "percent_covered": 100.0, "percent_covered_display": "100", "missing_lines": 0, "excluded_lines": 0}, "missing_lines": [], "excluded_lines": []}, "Fido2Client.info": {"executed_lines": [1090], "summary": {"covered_lines": 1, "num_statements": 1, "percent_covered": 100.0, "percent_covered_display": "100", "missing_lines": 0, "excluded_lines": 0}, "missing_lines": [], "excluded_lines": []}, "Fido2Client.selection": {"executed_lines": [], "summary": {"covered_lines": 0, "num_statements": 4, "percent_covered": 0.0, "percent_covered_display": "0", "missing_lines": 4, "excluded_lines": 0}, "missing_lines": [1093, 1094, 1095, 1096], "excluded_lines": []}, "Fido2Client.make_credential": {"executed_lines": [1109, 1110, 1111, 1112, 1113, 1114, 1116, 1119, 1120, 1122, 1123, 1130, 1131, 1133, 1134], "summary": {"covered_lines": 15, "num_statements": 15, "percent_covered": 100.0, "percent_covered_display": "100", "missing_lines": 0, "excluded_lines": 0}, "missing_lines": [], "excluded_lines": []}, "Fido2Client.get_assertion": {"executed_lines": [], "summary": {"covered_lines": 0, "num_statements": 15, "percent_covered": 0.0, "percent_covered_display": "0", "missing_lines": 15, "excluded_lines": 0}, "missing_lines": [1147, 1148, 1149, 1150, 1151, 1152, 1154, 1157, 1158, 1160, 1161, 1167, 1168, 1170, 1171], "excluded_lines": []}, "": {"executed_lines": [28, 30, 31, 32, 33, 34, 35, 36, 38, 39, 40, 41, 42, 48, 49, 50, 51, 52, 73, 76, 77, 79, 80, 81, 83, 84, 85, 86, 87, 89, 92, 96, 103, 142, 143, 145, 151, 169, 170, 176, 186, 190, 193, 213, 214, 216, 217, 229, 230, 243, 244, 249, 253, 262, 270, 271, 277, 278, 289, 290, 296, 300, 321, 330, 339, 356, 364, 365, 367, 368, 371, 372, 382, 383, 393, 394, 400, 410, 476, 512, 513, 524, 537, 541, 545, 551, 552, 563, 616, 639, 666, 698, 736, 926, 1058, 1059, 1069, 1088, 1089, 1092, 1098, 1136], "summary": {"covered_lines": 91, "num_statements": 91, "percent_covered": 100.0, "percent_covered_display": "100", "missing_lines": 0, "excluded_lines": 6}, "missing_lines": [], "excluded_lines": [537, 539, 540, 541, 543, 544]}}, "classes": {"ClientError": {"executed_lines": [93, 94], "summary": {"covered_lines": 2, "num_statements": 6, "percent_covered": 33.333333333333336, "percent_covered_display": "33", "missing_lines": 4, "excluded_lines": 0}, "missing_lines": [97, 98, 99, 100], "excluded_lines": []}, "ClientError.ERR": {"executed_lines": [90], "summary": {"covered_lines": 1, "num_statements": 1, "percent_covered": 100.0, "percent_covered_display": "100", "missing_lines": 0, "excluded_lines": 0}, "missing_lines": [], "excluded_lines": []}, "PinRequiredError": {"executed_lines": [], "summary": {"covered_lines": 0, "num_statements": 1, "percent_covered": 0.0, "percent_covered_display": "0", "missing_lines": 1, "excluded_lines": 0}, "missing_lines": [148], "excluded_lines": []}, "AssertionSelection": {"executed_lines": [], "summary": {"covered_lines": 0, "num_statements": 7, "percent_covered": 0.0, "percent_covered_display": "0", "missing_lines": 7, "excluded_lines": 0}, "missing_lines": [182, 183, 184, 188, 191, 195, 197], "excluded_lines": []}, "WebAuthnClient": {"executed_lines": [], "summary": {"covered_lines": 0, "num_statements": 2, "percent_covered": 0.0, "percent_covered_display": "0", "missing_lines": 2, "excluded_lines": 0}, "missing_lines": [227, 240], "excluded_lines": []}, "UserInteraction": {"executed_lines": [], "summary": {"covered_lines": 0, "num_statements": 5, "percent_covered": 0.0, "percent_covered_display": "0", "missing_lines": 5, "excluded_lines": 0}, "missing_lines": [251, 259, 260, 266, 267], "excluded_lines": []}, "ClientDataCollector": {"executed_lines": [], "summary": {"covered_lines": 0, "num_statements": 0, "percent_covered": 100.0, "percent_covered_display": "100", "missing_lines": 0, "excluded_lines": 0}, "missing_lines": [], "excluded_lines": []}, "DefaultClientDataCollector": {"executed_lines": [297, 298, 306, 307, 308, 309, 313, 319, 323, 324, 325, 328, 332, 333, 334, 335, 341, 343, 346], "summary": {"covered_lines": 19, "num_statements": 27, "percent_covered": 70.37037037037037, "percent_covered_display": "70", "missing_lines": 8, "excluded_lines": 0}, "missing_lines": [311, 314, 315, 316, 317, 326, 327, 337], "excluded_lines": []}, "_ClientBackend": {"executed_lines": [], "summary": {"covered_lines": 0, "num_statements": 3, "percent_covered": 0.0, "percent_covered_display": "0", "missing_lines": 3, "excluded_lines": 0}, "missing_lines": [369, 380, 390], "excluded_lines": []}, "_Ctap1ClientBackend": {"executed_lines": [395, 396, 397, 398, 418, 419, 420, 421, 422, 424, 432, 434, 435, 452, 463, 464, 466], "summary": {"covered_lines": 17, "num_statements": 42, "percent_covered": 40.476190476190474, "percent_covered_display": "40", "missing_lines": 25, "excluded_lines": 0}, "missing_lines": [401, 430, 436, 437, 438, 439, 440, 441, 442, 450, 483, 484, 486, 487, 489, 490, 491, 492, 493, 502, 505, 506, 507, 508, 509], "excluded_lines": []}, "_Ctap2ClientAssertionSelection": {"executed_lines": [], "summary": {"covered_lines": 0, "num_statements": 12, "percent_covered": 0.0, "percent_covered_display": "0", "missing_lines": 12, "excluded_lines": 0}, "missing_lines": [520, 521, 522, 526, 527, 528, 529, 530, 531, 532, 533, 534], "excluded_lines": []}, "_Ctap2ClientBackend": {"executed_lines": [558, 559, 560, 561, 640, 641, 644, 645, 649, 660, 662, 664, 708, 710, 711, 712, 734, 744, 745, 746, 747, 748, 750, 751, 754, 755, 766, 767, 768, 769, 773, 774, 776, 778, 779, 784, 785, 786, 787, 792, 802, 810, 813, 814, 815, 822, 823, 827, 828, 839, 840, 846, 849, 866, 867, 868, 869, 870, 871, 872, 874, 881, 885, 886, 895, 898, 899, 900, 907, 911, 912, 914], "summary": {"covered_lines": 72, "num_statements": 224, "percent_covered": 32.142857142857146, "percent_covered_display": "32", "missing_lines": 152, "excluded_lines": 0}, "missing_lines": [567, 570, 571, 572, 574, 575, 576, 577, 579, 580, 582, 583, 584, 585, 586, 597, 599, 601, 602, 603, 604, 606, 607, 609, 610, 611, 614, 617, 618, 621, 622, 630, 631, 636, 637, 657, 658, 659, 661, 663, 678, 679, 680, 681, 684, 685, 686, 689, 690, 691, 692, 693, 696, 713, 714, 722, 732, 733, 756, 757, 759, 760, 763, 771, 781, 788, 789, 803, 816, 817, 818, 819, 820, 830, 831, 832, 833, 834, 835, 836, 841, 878, 879, 882, 883, 891, 892, 893, 894, 901, 902, 903, 904, 905, 933, 934, 935, 937, 940, 941, 942, 943, 945, 947, 949, 951, 954, 955, 956, 957, 958, 959, 962, 972, 973, 980, 983, 984, 985, 986, 987, 988, 989, 990, 992, 995, 996, 997, 1002, 1004, 1007, 1012, 1023, 1027, 1028, 1029, 1030, 1031, 1032, 1034, 1038, 1039, 1041, 1042, 1043, 1045, 1046, 1051, 1052, 1053, 1054, 1055], "excluded_lines": []}, "Fido2Client": {"executed_lines": [1076, 1079, 1081, 1082, 1085, 1086, 1090, 1109, 1110, 1111, 1112, 1113, 1114, 1116, 1119, 1120, 1122, 1123, 1130, 1131, 1133, 1134], "summary": {"covered_lines": 22, "num_statements": 41, "percent_covered": 53.65853658536585, "percent_covered_display": "54", "missing_lines": 19, "excluded_lines": 0}, "missing_lines": [1093, 1094, 1095, 1096, 1147, 1148, 1149, 1150, 1151, 1152, 1154, 1157, 1158, 1160, 1161, 1167, 1168, 1170, 1171], "excluded_lines": []}, "": {"executed_lines": [28, 30, 31, 32, 33, 34, 35, 36, 38, 39, 40, 41, 42, 48, 49, 50, 51, 52, 73, 76, 77, 79, 80, 81, 83, 84, 85, 86, 87, 89, 92, 96, 103, 104, 105, 139, 142, 143, 145, 151, 152, 153, 154, 155, 169, 170, 176, 186, 190, 193, 213, 214, 216, 217, 229, 230, 243, 244, 249, 253, 262, 270, 271, 277, 278, 289, 290, 296, 300, 321, 330, 339, 356, 357, 361, 364, 365, 367, 368, 371, 372, 382, 383, 393, 394, 400, 410, 476, 512, 513, 524, 537, 538, 541, 542, 545, 546, 548, 551, 552, 563, 616, 639, 666, 698, 736, 926, 1058, 1059, 1069, 1088, 1089, 1092, 1098, 1136], "summary": {"covered_lines": 102, "num_statements": 122, "percent_covered": 83.60655737704919, "percent_covered_display": "84", "missing_lines": 20, "excluded_lines": 8}, "missing_lines": [106, 111, 112, 117, 118, 135, 137, 156, 157, 158, 159, 160, 161, 163, 164, 165, 166, 358, 359, 547], "excluded_lines": [537, 538, 539, 540, 541, 542, 543, 544]}}}, "fido2/client/win_api.py": {"executed_lines": [], "summary": {"covered_lines": 0, "num_statements": 304, "percent_covered": 0.0, "percent_covered_display": "0", "missing_lines": 304, "excluded_lines": 0}, "missing_lines": [42, 44, 45, 46, 47, 48, 53, 56, 57, 58, 61, 67, 68, 69, 71, 72, 76, 77, 78, 79, 80, 83, 86, 93, 94, 108, 109, 110, 111, 114, 115, 118, 119, 120, 121, 124, 125, 128, 129, 130, 131, 134, 135, 138, 139, 140, 141, 144, 145, 148, 149, 150, 151, 152, 153, 154, 155, 156, 159, 160, 163, 164, 165, 168, 169, 172, 173, 174, 177, 178, 181, 182, 183, 184, 187, 188, 191, 192, 193, 194, 197, 203, 209, 210, 211, 212, 215, 221, 226, 227, 228, 233, 239, 246, 248, 249, 250, 251, 254, 260, 267, 268, 269, 270, 271, 274, 280, 289, 291, 292, 293, 294, 295, 296, 299, 305, 313, 315, 316, 317, 318, 319, 322, 328, 333, 334, 335, 340, 341, 348, 349, 351, 352, 353, 356, 357, 363, 365, 366, 367, 370, 371, 377, 382, 383, 385, 386, 391, 394, 399, 402, 403, 406, 407, 412, 414, 415, 418, 421, 427, 428, 429, 430, 433, 436, 441, 442, 443, 446, 452, 459, 461, 462, 463, 466, 472, 477, 478, 479, 484, 487, 501, 502, 503, 504, 507, 518, 556, 557, 558, 561, 563, 582, 583, 584, 585, 586, 588, 589, 591, 592, 593, 594, 596, 597, 599, 600, 601, 603, 605, 606, 607, 609, 610, 612, 613, 615, 618, 620, 621, 622, 625, 628, 631, 659, 660, 661, 662, 663, 664, 665, 667, 668, 671, 686, 725, 726, 729, 731, 752, 753, 754, 755, 756, 757, 759, 760, 762, 763, 765, 766, 770, 772, 773, 774, 775, 777, 778, 780, 781, 782, 783, 784, 785, 788, 789, 791, 792, 793, 796, 799, 802, 839, 840, 841, 842, 843, 844, 845, 847, 848, 851, 852, 853, 855, 858, 860, 869, 871, 878, 880, 883, 885, 886, 888, 889, 891, 892, 895, 953, 960, 961, 965, 966], "excluded_lines": [], "functions": {"BytesProperty.__init__": {"executed_lines": [], "summary": {"covered_lines": 0, "num_statements": 2, "percent_covered": 0.0, "percent_covered_display": "0", "missing_lines": 2, "excluded_lines": 0}, "missing_lines": [68, 69], "excluded_lines": []}, "BytesProperty.__get__": {"executed_lines": [], "summary": {"covered_lines": 0, "num_statements": 1, "percent_covered": 0.0, "percent_covered_display": "0", "missing_lines": 1, "excluded_lines": 0}, "missing_lines": [72], "excluded_lines": []}, "BytesProperty.__set__": {"executed_lines": [], "summary": {"covered_lines": 0, "num_statements": 4, "percent_covered": 0.0, "percent_covered_display": "0", "missing_lines": 4, "excluded_lines": 0}, "missing_lines": [77, 78, 79, 80], "excluded_lines": []}, "GUID.__str__": {"executed_lines": [], "summary": {"covered_lines": 0, "num_statements": 1, "percent_covered": 0.0, "percent_covered_display": "0", "missing_lines": 1, "excluded_lines": 0}, "missing_lines": [94], "excluded_lines": []}, "_FromString.from_string": {"executed_lines": [], "summary": {"covered_lines": 0, "num_statements": 1, "percent_covered": 0.0, "percent_covered_display": "0", "missing_lines": 1, "excluded_lines": 0}, "missing_lines": [111], "excluded_lines": []}, "WebAuthNCoseCredentialParameter.__init__": {"executed_lines": [], "summary": {"covered_lines": 0, "num_statements": 3, "percent_covered": 0.0, "percent_covered_display": "0", "missing_lines": 3, "excluded_lines": 0}, "missing_lines": [210, 211, 212], "excluded_lines": []}, "WebAuthNCoseCredentialParameters.__init__": {"executed_lines": [], "summary": {"covered_lines": 0, "num_statements": 2, "percent_covered": 0.0, "percent_covered_display": "0", "missing_lines": 2, "excluded_lines": 0}, "missing_lines": [227, 228], "excluded_lines": []}, "WebAuthNClientData.__init__": {"executed_lines": [], "summary": {"covered_lines": 0, "num_statements": 3, "percent_covered": 0.0, "percent_covered_display": "0", "missing_lines": 3, "excluded_lines": 0}, "missing_lines": [249, 250, 251], "excluded_lines": []}, "WebAuthNRpEntityInformation.__init__": {"executed_lines": [], "summary": {"covered_lines": 0, "num_statements": 4, "percent_covered": 0.0, "percent_covered_display": "0", "missing_lines": 4, "excluded_lines": 0}, "missing_lines": [268, 269, 270, 271], "excluded_lines": []}, "WebAuthNUserEntityInformation.__init__": {"executed_lines": [], "summary": {"covered_lines": 0, "num_statements": 5, "percent_covered": 0.0, "percent_covered_display": "0", "missing_lines": 5, "excluded_lines": 0}, "missing_lines": [292, 293, 294, 295, 296], "excluded_lines": []}, "WebAuthNCredentialEx.__init__": {"executed_lines": [], "summary": {"covered_lines": 0, "num_statements": 4, "percent_covered": 0.0, "percent_covered_display": "0", "missing_lines": 4, "excluded_lines": 0}, "missing_lines": [316, 317, 318, 319], "excluded_lines": []}, "WebAuthNCredentialList.__init__": {"executed_lines": [], "summary": {"covered_lines": 0, "num_statements": 2, "percent_covered": 0.0, "percent_covered_display": "0", "missing_lines": 2, "excluded_lines": 0}, "missing_lines": [334, 335], "excluded_lines": []}, "WebAuthNHmacSecretSalt.__init__": {"executed_lines": [], "summary": {"covered_lines": 0, "num_statements": 2, "percent_covered": 0.0, "percent_covered_display": "0", "missing_lines": 2, "excluded_lines": 0}, "missing_lines": [352, 353], "excluded_lines": []}, "WebAuthNCredWithHmacSecretSalt.__init__": {"executed_lines": [], "summary": {"covered_lines": 0, "num_statements": 2, "percent_covered": 0.0, "percent_covered_display": "0", "missing_lines": 2, "excluded_lines": 0}, "missing_lines": [366, 367], "excluded_lines": []}, "WebAuthNHmacSecretSaltValues.__init__": {"executed_lines": [], "summary": {"covered_lines": 0, "num_statements": 4, "percent_covered": 0.0, "percent_covered_display": "0", "missing_lines": 4, "excluded_lines": 0}, "missing_lines": [382, 383, 385, 386], "excluded_lines": []}, "WebAuthNCredProtectExtensionIn.__init__": {"executed_lines": [], "summary": {"covered_lines": 0, "num_statements": 2, "percent_covered": 0.0, "percent_covered_display": "0", "missing_lines": 2, "excluded_lines": 0}, "missing_lines": [402, 403], "excluded_lines": []}, "WebAuthNCredBlobExtension.__init__": {"executed_lines": [], "summary": {"covered_lines": 0, "num_statements": 1, "percent_covered": 0.0, "percent_covered_display": "0", "missing_lines": 1, "excluded_lines": 0}, "missing_lines": [415], "excluded_lines": []}, "WebAuthNExtension.__init__": {"executed_lines": [], "summary": {"covered_lines": 0, "num_statements": 3, "percent_covered": 0.0, "percent_covered_display": "0", "missing_lines": 3, "excluded_lines": 0}, "missing_lines": [428, 429, 430], "excluded_lines": []}, "WebAuthNExtensions.__init__": {"executed_lines": [], "summary": {"covered_lines": 0, "num_statements": 2, "percent_covered": 0.0, "percent_covered_display": "0", "missing_lines": 2, "excluded_lines": 0}, "missing_lines": [442, 443], "excluded_lines": []}, "WebAuthNCredential.__init__": {"executed_lines": [], "summary": {"covered_lines": 0, "num_statements": 2, "percent_covered": 0.0, "percent_covered_display": "0", "missing_lines": 2, "excluded_lines": 0}, "missing_lines": [462, 463], "excluded_lines": []}, "WebAuthNCredentials.__init__": {"executed_lines": [], "summary": {"covered_lines": 0, "num_statements": 2, "percent_covered": 0.0, "percent_covered_display": "0", "missing_lines": 2, "excluded_lines": 0}, "missing_lines": [478, 479], "excluded_lines": []}, "WebAuthNGetAssertionOptions.__init__": {"executed_lines": [], "summary": {"covered_lines": 0, "num_statements": 30, "percent_covered": 0.0, "percent_covered_display": "0", "missing_lines": 30, "excluded_lines": 0}, "missing_lines": [582, 583, 584, 585, 586, 588, 589, 591, 592, 593, 594, 596, 597, 599, 600, 601, 603, 605, 606, 607, 609, 610, 612, 613, 615, 618, 620, 621, 622, 625], "excluded_lines": []}, "WebAuthNAssertion.__del__": {"executed_lines": [], "summary": {"covered_lines": 0, "num_statements": 1, "percent_covered": 0.0, "percent_covered_display": "0", "missing_lines": 1, "excluded_lines": 0}, "missing_lines": [668], "excluded_lines": []}, "WebAuthNMakeCredentialOptions.__init__": {"executed_lines": [], "summary": {"covered_lines": 0, "num_statements": 31, "percent_covered": 0.0, "percent_covered_display": "0", "missing_lines": 31, "excluded_lines": 0}, "missing_lines": [752, 753, 754, 755, 756, 757, 759, 760, 762, 763, 765, 766, 770, 772, 773, 774, 775, 777, 778, 780, 781, 782, 783, 784, 785, 788, 789, 791, 792, 793, 796], "excluded_lines": []}, "WebAuthNCredentialAttestation.__del__": {"executed_lines": [], "summary": {"covered_lines": 0, "num_statements": 1, "percent_covered": 0.0, "percent_covered_display": "0", "missing_lines": 1, "excluded_lines": 0}, "missing_lines": [848], "excluded_lines": []}, "get_version": {"executed_lines": [], "summary": {"covered_lines": 0, "num_statements": 4, "percent_covered": 0.0, "percent_covered_display": "0", "missing_lines": 4, "excluded_lines": 0}, "missing_lines": [960, 961, 965, 966], "excluded_lines": []}, "": {"executed_lines": [], "summary": {"covered_lines": 0, "num_statements": 185, "percent_covered": 0.0, "percent_covered_display": "0", "missing_lines": 185, "excluded_lines": 0}, "missing_lines": [42, 44, 45, 46, 47, 48, 53, 56, 57, 58, 61, 67, 71, 76, 83, 86, 93, 108, 109, 110, 114, 115, 118, 119, 120, 121, 124, 125, 128, 129, 130, 131, 134, 135, 138, 139, 140, 141, 144, 145, 148, 149, 150, 151, 152, 153, 154, 155, 156, 159, 160, 163, 164, 165, 168, 169, 172, 173, 174, 177, 178, 181, 182, 183, 184, 187, 188, 191, 192, 193, 194, 197, 203, 209, 215, 221, 226, 233, 239, 246, 248, 254, 260, 267, 274, 280, 289, 291, 299, 305, 313, 315, 322, 328, 333, 340, 341, 348, 349, 351, 356, 357, 363, 365, 370, 371, 377, 391, 394, 399, 406, 407, 412, 414, 418, 421, 427, 433, 436, 441, 446, 452, 459, 461, 466, 472, 477, 484, 487, 501, 502, 503, 504, 507, 518, 556, 557, 558, 561, 563, 628, 631, 659, 660, 661, 662, 663, 664, 665, 667, 671, 686, 725, 726, 729, 731, 799, 802, 839, 840, 841, 842, 843, 844, 845, 847, 851, 852, 853, 855, 858, 860, 869, 871, 878, 880, 883, 885, 886, 888, 889, 891, 892, 895, 953], "excluded_lines": []}}, "classes": {"BytesProperty": {"executed_lines": [], "summary": {"covered_lines": 0, "num_statements": 7, "percent_covered": 0.0, "percent_covered_display": "0", "missing_lines": 7, "excluded_lines": 0}, "missing_lines": [68, 69, 72, 77, 78, 79, 80], "excluded_lines": []}, "GUID": {"executed_lines": [], "summary": {"covered_lines": 0, "num_statements": 1, "percent_covered": 0.0, "percent_covered_display": "0", "missing_lines": 1, "excluded_lines": 0}, "missing_lines": [94], "excluded_lines": []}, "_FromString": {"executed_lines": [], "summary": {"covered_lines": 0, "num_statements": 1, "percent_covered": 0.0, "percent_covered_display": "0", "missing_lines": 1, "excluded_lines": 0}, "missing_lines": [111], "excluded_lines": []}, "WebAuthNUserVerificationRequirement": {"executed_lines": [], "summary": {"covered_lines": 0, "num_statements": 0, "percent_covered": 100.0, "percent_covered_display": "100", "missing_lines": 0, "excluded_lines": 0}, "missing_lines": [], "excluded_lines": []}, "WebAuthNAttestationConveyancePreference": {"executed_lines": [], "summary": {"covered_lines": 0, "num_statements": 0, "percent_covered": 100.0, "percent_covered_display": "100", "missing_lines": 0, "excluded_lines": 0}, "missing_lines": [], "excluded_lines": []}, "WebAuthNAuthenticatorAttachment": {"executed_lines": [], "summary": {"covered_lines": 0, "num_statements": 0, "percent_covered": 100.0, "percent_covered_display": "100", "missing_lines": 0, "excluded_lines": 0}, "missing_lines": [], "excluded_lines": []}, "WebAuthNCTAPTransport": {"executed_lines": [], "summary": {"covered_lines": 0, "num_statements": 0, "percent_covered": 100.0, "percent_covered_display": "100", "missing_lines": 0, "excluded_lines": 0}, "missing_lines": [], "excluded_lines": []}, "WebAuthNEnterpriseAttestation": {"executed_lines": [], "summary": {"covered_lines": 0, "num_statements": 0, "percent_covered": 100.0, "percent_covered_display": "100", "missing_lines": 0, "excluded_lines": 0}, "missing_lines": [], "excluded_lines": []}, "WebAuthNLargeBlobSupport": {"executed_lines": [], "summary": {"covered_lines": 0, "num_statements": 0, "percent_covered": 100.0, "percent_covered_display": "100", "missing_lines": 0, "excluded_lines": 0}, "missing_lines": [], "excluded_lines": []}, "WebAuthNLargeBlobOperation": {"executed_lines": [], "summary": {"covered_lines": 0, "num_statements": 0, "percent_covered": 100.0, "percent_covered_display": "100", "missing_lines": 0, "excluded_lines": 0}, "missing_lines": [], "excluded_lines": []}, "WebAuthNUserVerification": {"executed_lines": [], "summary": {"covered_lines": 0, "num_statements": 0, "percent_covered": 100.0, "percent_covered_display": "100", "missing_lines": 0, "excluded_lines": 0}, "missing_lines": [], "excluded_lines": []}, "WebAuthNCoseCredentialParameter": {"executed_lines": [], "summary": {"covered_lines": 0, "num_statements": 3, "percent_covered": 0.0, "percent_covered_display": "0", "missing_lines": 3, "excluded_lines": 0}, "missing_lines": [210, 211, 212], "excluded_lines": []}, "WebAuthNCoseCredentialParameters": {"executed_lines": [], "summary": {"covered_lines": 0, "num_statements": 2, "percent_covered": 0.0, "percent_covered_display": "0", "missing_lines": 2, "excluded_lines": 0}, "missing_lines": [227, 228], "excluded_lines": []}, "WebAuthNClientData": {"executed_lines": [], "summary": {"covered_lines": 0, "num_statements": 3, "percent_covered": 0.0, "percent_covered_display": "0", "missing_lines": 3, "excluded_lines": 0}, "missing_lines": [249, 250, 251], "excluded_lines": []}, "WebAuthNRpEntityInformation": {"executed_lines": [], "summary": {"covered_lines": 0, "num_statements": 4, "percent_covered": 0.0, "percent_covered_display": "0", "missing_lines": 4, "excluded_lines": 0}, "missing_lines": [268, 269, 270, 271], "excluded_lines": []}, "WebAuthNUserEntityInformation": {"executed_lines": [], "summary": {"covered_lines": 0, "num_statements": 5, "percent_covered": 0.0, "percent_covered_display": "0", "missing_lines": 5, "excluded_lines": 0}, "missing_lines": [292, 293, 294, 295, 296], "excluded_lines": []}, "WebAuthNCredentialEx": {"executed_lines": [], "summary": {"covered_lines": 0, "num_statements": 4, "percent_covered": 0.0, "percent_covered_display": "0", "missing_lines": 4, "excluded_lines": 0}, "missing_lines": [316, 317, 318, 319], "excluded_lines": []}, "WebAuthNCredentialList": {"executed_lines": [], "summary": {"covered_lines": 0, "num_statements": 2, "percent_covered": 0.0, "percent_covered_display": "0", "missing_lines": 2, "excluded_lines": 0}, "missing_lines": [334, 335], "excluded_lines": []}, "WebAuthNHmacSecretSalt": {"executed_lines": [], "summary": {"covered_lines": 0, "num_statements": 2, "percent_covered": 0.0, "percent_covered_display": "0", "missing_lines": 2, "excluded_lines": 0}, "missing_lines": [352, 353], "excluded_lines": []}, "WebAuthNCredWithHmacSecretSalt": {"executed_lines": [], "summary": {"covered_lines": 0, "num_statements": 2, "percent_covered": 0.0, "percent_covered_display": "0", "missing_lines": 2, "excluded_lines": 0}, "missing_lines": [366, 367], "excluded_lines": []}, "WebAuthNHmacSecretSaltValues": {"executed_lines": [], "summary": {"covered_lines": 0, "num_statements": 4, "percent_covered": 0.0, "percent_covered_display": "0", "missing_lines": 4, "excluded_lines": 0}, "missing_lines": [382, 383, 385, 386], "excluded_lines": []}, "WebAuthNCredProtectExtensionIn": {"executed_lines": [], "summary": {"covered_lines": 0, "num_statements": 2, "percent_covered": 0.0, "percent_covered_display": "0", "missing_lines": 2, "excluded_lines": 0}, "missing_lines": [402, 403], "excluded_lines": []}, "WebAuthNCredBlobExtension": {"executed_lines": [], "summary": {"covered_lines": 0, "num_statements": 1, "percent_covered": 0.0, "percent_covered_display": "0", "missing_lines": 1, "excluded_lines": 0}, "missing_lines": [415], "excluded_lines": []}, "WebAuthNExtension": {"executed_lines": [], "summary": {"covered_lines": 0, "num_statements": 3, "percent_covered": 0.0, "percent_covered_display": "0", "missing_lines": 3, "excluded_lines": 0}, "missing_lines": [428, 429, 430], "excluded_lines": []}, "WebAuthNExtensions": {"executed_lines": [], "summary": {"covered_lines": 0, "num_statements": 2, "percent_covered": 0.0, "percent_covered_display": "0", "missing_lines": 2, "excluded_lines": 0}, "missing_lines": [442, 443], "excluded_lines": []}, "WebAuthNCredential": {"executed_lines": [], "summary": {"covered_lines": 0, "num_statements": 2, "percent_covered": 0.0, "percent_covered_display": "0", "missing_lines": 2, "excluded_lines": 0}, "missing_lines": [462, 463], "excluded_lines": []}, "WebAuthNCredentials": {"executed_lines": [], "summary": {"covered_lines": 0, "num_statements": 2, "percent_covered": 0.0, "percent_covered_display": "0", "missing_lines": 2, "excluded_lines": 0}, "missing_lines": [478, 479], "excluded_lines": []}, "CtapCborHybridStorageLinkedData": {"executed_lines": [], "summary": {"covered_lines": 0, "num_statements": 0, "percent_covered": 100.0, "percent_covered_display": "100", "missing_lines": 0, "excluded_lines": 0}, "missing_lines": [], "excluded_lines": []}, "WebAuthNGetAssertionOptions": {"executed_lines": [], "summary": {"covered_lines": 0, "num_statements": 30, "percent_covered": 0.0, "percent_covered_display": "0", "missing_lines": 30, "excluded_lines": 0}, "missing_lines": [582, 583, 584, 585, 586, 588, 589, 591, 592, 593, 594, 596, 597, 599, 600, 601, 603, 605, 606, 607, 609, 610, 612, 613, 615, 618, 620, 621, 622, 625], "excluded_lines": []}, "WebAuthNAssertion": {"executed_lines": [], "summary": {"covered_lines": 0, "num_statements": 1, "percent_covered": 0.0, "percent_covered_display": "0", "missing_lines": 1, "excluded_lines": 0}, "missing_lines": [668], "excluded_lines": []}, "WebAuthNMakeCredentialOptions": {"executed_lines": [], "summary": {"covered_lines": 0, "num_statements": 31, "percent_covered": 0.0, "percent_covered_display": "0", "missing_lin
[...]
blob": {"executed_lines": [], "summary": {"covered_lines": 0, "num_statements": 2, "percent_covered": 0.0, "percent_covered_display": "0", "missing_lines": 2, "excluded_lines": 0}, "missing_lines": [73, 74], "excluded_lines": []}, "_session_blob": {"executed_lines": [], "summary": {"covered_lines": 0, "num_statements": 5, "percent_covered": 0.0, "percent_covered_display": "0", "missing_lines": 5, "excluded_lines": 0}, "missing_lines": [78, 79, 80, 81, 82], "excluded_lines": []}, "_base_prefix": {"executed_lines": [], "summary": {"covered_lines": 0, "num_statements": 2, "percent_covered": 0.0, "percent_covered_display": "0", "missing_lines": 2, "excluded_lines": 0}, "missing_lines": [86, 87], "excluded_lines": []}, "_normalise_local_session_id": {"executed_lines": [91, 93, 94, 96, 97, 99], "summary": {"covered_lines": 6, "num_statements": 9, "percent_covered": 66.66666666666667, "percent_covered_display": "67", "missing_lines": 3, "excluded_lines": 0}, "missing_lines": [92, 95, 98], "excluded_lines": []}, "_local_session_directory": {"executed_lines": [103, 104, 108, 110, 111, 112, 116, 118], "summary": {"covered_lines": 8, "num_statements": 13, "percent_covered": 61.53846153846154, "percent_covered_display": "62", "missing_lines": 5, "excluded_lines": 0}, "missing_lines": [105, 106, 113, 114, 115], "excluded_lines": []}, "_local_touch_last_access": {"executed_lines": [122, 123, 124, 125, 126], "summary": {"covered_lines": 5, "num_statements": 7, "percent_covered": 71.42857142857143, "percent_covered_display": "71", "missing_lines": 2, "excluded_lines": 0}, "missing_lines": [127, 128], "excluded_lines": []}, "_local_resolve_last_access": {"executed_lines": [132, 133, 134], "summary": {"covered_lines": 3, "num_statements": 23, "percent_covered": 13.043478260869565, "percent_covered_display": "13", "missing_lines": 20, "excluded_lines": 0}, "missing_lines": [135, 136, 138, 139, 140, 141, 142, 143, 144, 145, 146, 147, 148, 149, 151, 152, 154, 155, 156, 157], "excluded_lines": []}, "_local_maybe_cleanup": {"executed_lines": [163, 164, 165, 167, 168, 170, 171, 175, 176, 179, 180, 183, 184, 185], "summary": {"covered_lines": 14, "num_statements": 22, "percent_covered": 63.63636363636363, "percent_covered_display": "64", "missing_lines": 8, "excluded_lines": 0}, "missing_lines": [172, 173, 177, 181, 187, 188, 189, 190], "excluded_lines": []}, "_local_note_activity": {"executed_lines": [194, 195, 196, 197], "summary": {"covered_lines": 4, "num_statements": 4, "percent_covered": 100.0, "percent_covered_display": "100", "missing_lines": 0, "excluded_lines": 0}, "missing_lines": [], "excluded_lines": []}, "ensure_session": {"executed_lines": [201, 204, 205], "summary": {"covered_lines": 3, "num_statements": 4, "percent_covered": 75.0, "percent_covered_display": "75", "missing_lines": 1, "excluded_lines": 0}, "missing_lines": [202], "excluded_lines": []}, "list_sessions": {"executed_lines": [209, 224, 225, 229, 230, 231, 232, 233, 234], "summary": {"covered_lines": 9, "num_statements": 22, "percent_covered": 40.90909090909091, "percent_covered_display": "41", "missing_lines": 13, "excluded_lines": 2}, "missing_lines": [210, 211, 212, 213, 214, 215, 216, 217, 218, 219, 222, 226, 227], "excluded_lines": [220, 221]}, "touch_last_access": {"executed_lines": [238, 244, 245, 247, 256], "summary": {"covered_lines": 5, "num_statements": 17, "percent_covered": 29.41176470588235, "percent_covered_display": "29", "missing_lines": 12, "excluded_lines": 0}, "missing_lines": [239, 240, 241, 242, 246, 248, 249, 250, 251, 252, 253, 254], "excluded_lines": []}, "resolve_last_access": {"executed_lines": [260, 272, 273, 275], "summary": {"covered_lines": 4, "num_statements": 15, "percent_covered": 26.666666666666668, "percent_covered_display": "27", "missing_lines": 11, "excluded_lines": 0}, "missing_lines": [261, 262, 263, 264, 265, 266, 267, 268, 269, 270, 274], "excluded_lines": []}, "list_files": {"executed_lines": [279, 298, 299, 302, 303, 307, 308, 309, 310, 311, 312, 313, 314], "summary": {"covered_lines": 13, "num_statements": 31, "percent_covered": 41.935483870967744, "percent_covered_display": "42", "missing_lines": 18, "excluded_lines": 2}, "missing_lines": [280, 281, 282, 283, 284, 285, 286, 287, 288, 289, 290, 291, 292, 293, 296, 300, 304, 305], "excluded_lines": [294, 295]}, "read_file": {"executed_lines": [318, 322, 323, 326, 327, 328, 329], "summary": {"covered_lines": 7, "num_statements": 12, "percent_covered": 58.333333333333336, "percent_covered_display": "58", "missing_lines": 5, "excluded_lines": 0}, "missing_lines": [319, 320, 324, 330, 331], "excluded_lines": []}, "write_file": {"executed_lines": [335, 341, 342, 345, 346, 347, 348, 349], "summary": {"covered_lines": 8, "num_statements": 13, "percent_covered": 61.53846153846154, "percent_covered_display": "62", "missing_lines": 5, "excluded_lines": 0}, "missing_lines": [336, 337, 338, 339, 343], "excluded_lines": []}, "delete_file": {"executed_lines": [], "summary": {"covered_lines": 0, "num_statements": 18, "percent_covered": 0.0, "percent_covered_display": "0", "missing_lines": 18, "excluded_lines": 0}, "missing_lines": [353, 354, 355, 356, 357, 359, 360, 361, 363, 364, 365, 366, 367, 368, 369, 370, 371, 372], "excluded_lines": []}, "file_mtime": {"executed_lines": [376, 380, 381, 384, 385, 386], "summary": {"covered_lines": 6, "num_statements": 11, "percent_covered": 54.54545454545455, "percent_covered_display": "55", "missing_lines": 5, "excluded_lines": 0}, "missing_lines": [377, 378, 382, 387, 388], "excluded_lines": []}, "session_is_empty": {"executed_lines": [], "summary": {"covered_lines": 0, "num_statements": 1, "percent_covered": 0.0, "percent_covered_display": "0", "missing_lines": 1, "excluded_lines": 0}, "missing_lines": [392], "excluded_lines": []}, "delete_session": {"executed_lines": [396, 412, 413, 416, 417, 418, 419], "summary": {"covered_lines": 7, "num_statements": 18, "percent_covered": 38.888888888888886, "percent_covered_display": "39", "missing_lines": 11, "excluded_lines": 2}, "missing_lines": [397, 398, 399, 400, 401, 402, 403, 408, 409, 410, 414], "excluded_lines": [404, 405]}, "prune_session": {"executed_lines": [], "summary": {"covered_lines": 0, "num_statements": 4, "percent_covered": 0.0, "percent_covered_display": "0", "missing_lines": 4, "excluded_lines": 0}, "missing_lines": [423, 424, 425, 426], "excluded_lines": []}, "file_exists": {"executed_lines": [], "summary": {"covered_lines": 0, "num_statements": 7, "percent_covered": 0.0, "percent_covered_display": "0", "missing_lines": 7, "excluded_lines": 0}, "missing_lines": [430, 431, 432, 434, 435, 436, 437], "excluded_lines": []}, "": {"executed_lines": [1, 2, 4, 5, 6, 7, 8, 9, 11, 21, 23, 39, 43, 47, 49, 50, 51, 54, 58, 67, 72, 77, 85, 90, 102, 121, 131, 160, 193, 200, 208, 237, 259, 278, 317, 334, 352, 375, 391, 395, 422, 429, 441], "summary": {"covered_lines": 42, "num_statements": 42, "percent_covered": 100.0, "percent_covered_display": "100", "missing_lines": 0, "excluded_lines": 0}, "missing_lines": [], "excluded_lines": []}}, "classes": {"": {"executed_lines": [1, 2, 4, 5, 6, 7, 8, 9, 11, 21, 23, 39, 43, 47, 49, 50, 51, 54, 55, 58, 67, 72, 77, 85, 90, 91, 93, 94, 96, 97, 99, 102, 103, 104, 108, 110, 111, 112, 116, 118, 121, 122, 123, 124, 125, 126, 131, 132, 133, 134, 160, 163, 164, 165, 167, 168, 170, 171, 175, 176, 179, 180, 183, 184, 185, 193, 194, 195, 196, 197, 200, 201, 204, 205, 208, 209, 224, 225, 229, 230, 231, 232, 233, 234, 237, 238, 244, 245, 247, 256, 259, 260, 272, 273, 275, 278, 279, 298, 299, 302, 303, 307, 308, 309, 310, 311, 312, 313, 314, 317, 318, 322, 323, 326, 327, 328, 329, 334, 335, 341, 342, 345, 346, 347, 348, 349, 352, 375, 376, 380, 381, 384, 385, 386, 391, 395, 396, 412, 413, 416, 417, 418, 419, 422, 429, 441], "summary": {"covered_lines": 145, "num_statements": 311, "percent_covered": 46.62379421221865, "percent_covered_display": "47", "missing_lines": 166, "excluded_lines": 6}, "missing_lines": [59, 60, 61, 62, 63, 64, 68, 69, 73, 74, 78, 79, 80, 81, 82, 86, 87, 92, 95, 98, 105, 106, 113, 114, 115, 127, 128, 135, 136, 138, 139, 140, 141, 142, 143, 144, 145, 146, 147, 148, 149, 151, 152, 154, 155, 156, 157, 172, 173, 177, 181, 187, 188, 189, 190, 202, 210, 211, 212, 213, 214, 215, 216, 217, 218, 219, 222, 226, 227, 239, 240, 241, 242, 246, 248, 249, 250, 251, 252, 253, 254, 261, 262, 263, 264, 265, 266, 267, 268, 269, 270, 274, 280, 281, 282, 283, 284, 285, 286, 287, 288, 289, 290, 291, 292, 293, 296, 300, 304, 305, 319, 320, 324, 330, 331, 336, 337, 338, 339, 343, 353, 354, 355, 356, 357, 359, 360, 361, 363, 364, 365, 366, 367, 368, 369, 370, 371, 372, 377, 378, 382, 387, 388, 392, 397, 398, 399, 400, 401, 402, 403, 408, 409, 410, 414, 423, 424, 425, 426, 430, 431, 432, 434, 435, 436, 437], "excluded_lines": [220, 221, 294, 295, 404, 405]}}}, "server/server/startup.py": {"executed_lines": [1, 3, 5, 7, 8, 10, 12, 15, 16, 19, 22, 24, 25, 27, 28, 29, 30, 32, 33, 34, 35, 36, 37, 39, 40, 41, 42, 43, 44, 45, 47, 48, 49, 50], "summary": {"covered_lines": 33, "num_statements": 33, "percent_covered": 100.0, "percent_covered_display": "100", "missing_lines": 0, "excluded_lines": 0}, "missing_lines": [], "excluded_lines": [], "functions": {"_should_warm_cloud_storage": {"executed_lines": [16], "summary": {"covered_lines": 1, "num_statements": 1, "percent_covered": 100.0, "percent_covered_display": "100", "missing_lines": 0, "excluded_lines": 0}, "missing_lines": [], "excluded_lines": []}, "warm_up_dependencies": {"executed_lines": [22, 24, 25, 27, 28, 29, 30, 32, 33, 34, 35, 36, 37, 39, 40, 41, 42, 43, 44, 45, 47, 48, 49, 50], "summary": {"covered_lines": 24, "num_statements": 24, "percent_covered": 100.0, "percent_covered_display": "100", "missing_lines": 0, "excluded_lines": 0}, "missing_lines": [], "excluded_lines": []}, "": {"executed_lines": [1, 3, 5, 7, 8, 10, 12, 15, 19], "summary": {"covered_lines": 8, "num_statements": 8, "percent_covered": 100.0, "percent_covered_display": "100", "missing_lines": 0, "excluded_lines": 0}, "missing_lines": [], "excluded_lines": []}}, "classes": {"": {"executed_lines": [1, 3, 5, 7, 8, 10, 12, 15, 16, 19, 22, 24, 25, 27, 28, 29, 30, 32, 33, 34, 35, 36, 37, 39, 40, 41, 42, 43, 44, 45, 47, 48, 49, 50], "summary": {"covered_lines": 33, "num_statements": 33, "percent_covered": 100.0, "percent_covered_display": "100", "missing_lines": 0, "excluded_lines": 0}, "missing_lines": [], "excluded_lines": []}}}, "server/server/storage.py": {"executed_lines": [1, 2, 4, 5, 6, 7, 9, 17, 19, 31, 35, 39, 42, 43, 46, 47, 49, 50, 52, 55, 56, 57, 60, 61, 63, 64, 66, 67, 68, 71, 72, 74, 75, 77, 78, 81, 82, 83, 86, 87, 88, 92, 94, 95, 98, 99, 101, 102, 104, 105, 106, 108, 109, 110, 111, 112, 113, 114, 115, 117, 118, 120, 121, 122, 123, 128, 140, 149, 159, 160, 161, 162, 163, 170, 182, 183, 184, 185, 186, 187, 188, 191, 192, 193, 206, 207, 210, 213, 214, 215, 216, 217, 218, 231, 232, 233, 235, 236, 237, 238, 241, 242, 244, 286, 287, 288, 291, 292, 295, 302, 313, 332], "summary": {"covered_lines": 109, "num_statements": 237, "percent_covered": 45.9915611814346, "percent_covered_display": "46", "missing_lines": 128, "excluded_lines": 2}, "missing_lines": [48, 51, 62, 65, 73, 76, 93, 116, 119, 129, 130, 131, 132, 133, 134, 135, 136, 137, 141, 142, 143, 144, 145, 146, 150, 151, 152, 153, 154, 155, 156, 165, 167, 171, 172, 173, 174, 175, 177, 178, 179, 189, 190, 194, 196, 197, 198, 199, 200, 201, 202, 203, 204, 208, 209, 219, 220, 222, 223, 224, 225, 226, 227, 228, 239, 240, 247, 248, 249, 250, 251, 252, 254, 255, 256, 257, 258, 259, 260, 261, 262, 263, 264, 265, 266, 267, 269, 270, 271, 272, 273, 274, 275, 276, 277, 278, 279, 280, 281, 282, 284, 289, 290, 296, 297, 298, 299, 304, 305, 306, 307, 308, 309, 310, 315, 316, 318, 319, 321, 322, 323, 325, 326, 328, 329, 334, 335, 336], "excluded_lines": [122, 123], "functions": {"_using_gcs": {"executed_lines": [43], "summary": {"covered_lines": 1, "num_statements": 1, "percent_covered": 100.0, "percent_covered_display": "100", "missing_lines": 0, "excluded_lines": 0}, "missing_lines": [], "excluded_lines": []}, "_user_root_prefix": {"executed_lines": [47, 49, 50, 52], "summary": {"covered_lines": 4, "num_statements": 6, "percent_covered": 66.66666666666667, "percent_covered_display": "67", "missing_lines": 2, "excluded_lines": 0}, "missing_lines": [48, 51], "excluded_lines": []}, "_credential_prefix": {"executed_lines": [56, 57], "summary": {"covered_lines": 2, "num_statements": 2, "percent_covered": 100.0, "percent_covered_display": "100", "missing_lines": 0, "excluded_lines": 0}, "missing_lines": [], "excluded_lines": []}, "_credential_blob": {"executed_lines": [61, 63, 64, 66, 67, 68], "summary": {"covered_lines": 6, "num_statements": 8, "percent_covered": 75.0, "percent_covered_display": "75", "missing_lines": 2, "excluded_lines": 0}, "missing_lines": [62, 65], "excluded_lines": []}, "_legacy_credential_blob": {"executed_lines": [72, 74, 75, 77, 78], "summary": {"covered_lines": 5, "num_statements": 7, "percent_covered": 71.42857142857143, "percent_covered_display": "71", "missing_lines": 2, "excluded_lines": 0}, "missing_lines": [73, 76], "excluded_lines": []}, "_build_search_prefix": {"executed_lines": [82, 83], "summary": {"covered_lines": 2, "num_statements": 2, "percent_covered": 100.0, "percent_covered_display": "100", "missing_lines": 0, "excluded_lines": 0}, "missing_lines": [], "excluded_lines": []}, "_candidate_gcs_blob_names": {"executed_lines": [87, 88, 92, 94, 95], "summary": {"covered_lines": 5, "num_statements": 6, "percent_covered": 83.33333333333333, "percent_covered_display": "83", "missing_lines": 1, "excluded_lines": 0}, "missing_lines": [93], "excluded_lines": []}, "_list_credential_blob_names": {"executed_lines": [99, 101, 102, 104, 105, 106, 108, 109, 110, 111, 112, 113, 114, 115, 117, 118, 120, 121, 122, 123], "summary": {"covered_lines": 18, "num_statements": 20, "percent_covered": 90.0, "percent_covered_display": "90", "missing_lines": 2, "excluded_lines": 2}, "missing_lines": [116, 119], "excluded_lines": [122, 123]}, "_local_directory": {"executed_lines": [], "summary": {"covered_lines": 0, "num_statements": 9, "percent_covered": 0.0, "percent_covered_display": "0", "missing_lines": 9, "excluded_lines": 0}, "missing_lines": [129, 130, 131, 132, 133, 134, 135, 136, 137], "excluded_lines": []}, "_legacy_local_filename": {"executed_lines": [], "summary": {"covered_lines": 0, "num_statements": 6, "percent_covered": 0.0, "percent_covered_display": "0", "missing_lines": 6, "excluded_lines": 0}, "missing_lines": [141, 142, 143, 144, 145, 146], "excluded_lines": []}, "_local_filename": {"executed_lines": [], "summary": {"covered_lines": 0, "num_statements": 7, "percent_covered": 0.0, "percent_covered_display": "0", "missing_lines": 7, "excluded_lines": 0}, "missing_lines": [150, 151, 152, 153, 154, 155, 156], "excluded_lines": []}, "_resolve_session_id": {"executed_lines": [160, 161, 162, 163], "summary": {"covered_lines": 4, "num_statements": 6, "percent_covered": 66.66666666666667, "percent_covered_display": "67", "missing_lines": 2, "excluded_lines": 0}, "missing_lines": [165, 167], "excluded_lines": []}, "savekey": {"executed_lines": [], "summary": {"covered_lines": 0, "num_statements": 8, "percent_covered": 0.0, "percent_covered_display": "0", "missing_lines": 8, "excluded_lines": 0}, "missing_lines": [171, 172, 173, 174, 175, 177, 178, 179], "excluded_lines": []}, "readkey": {"executed_lines": [183, 184, 185, 186, 187, 188, 191, 192, 193, 206, 207, 210], "summary": {"covered_lines": 12, "num_statements": 26, "percent_covered": 46.15384615384615, "percent_covered_display": "46", "missing_lines": 14, "excluded_lines": 0}, "missing_lines": [189, 190, 194, 196, 197, 198, 199, 200, 201, 202, 203, 204, 208, 209], "excluded_lines": []}, "delkey": {"executed_lines": [214, 215, 216, 217, 218], "summary": {"covered_lines": 5, "num_statements": 14, "percent_covered": 35.714285714285715, "percent_covered_display": "36", "missing_lines": 9, "excluded_lines": 0}, "missing_lines": [219, 220, 222, 223, 224, 225, 226, 227, 228], "excluded_lines": []}, "iter_credentials": {"executed_lines": [232, 233, 235, 244, 286, 287, 288, 291, 292], "summary": {"covered_lines": 9, "num_statements": 46, "percent_covered": 19.565217391304348, "percent_covered_display": "20", "missing_lines": 37, "excluded_lines": 0}, "missing_lines": [247, 248, 249, 250, 251, 252, 254, 255, 256, 257, 258, 259, 260, 261, 262, 263, 264, 265, 266, 267, 269, 270, 271, 272, 273, 274, 275, 276, 277, 278, 279, 280, 281, 282, 284, 289, 290], "excluded_lines": []}, "iter_credentials._download_blob_items": {"executed_lines": [236, 237, 238, 241, 242], "summary": {"covered_lines": 5, "num_statements": 7, "percent_covered": 71.42857142857143, "percent_covered_display": "71", "missing_lines": 2, "excluded_lines": 0}, "missing_lines": [239, 240], "excluded_lines": []}, "list_credentials": {"executed_lines": [], "summary": {"covered_lines": 0, "num_statements": 4, "percent_covered": 0.0, "percent_covered_display": "0", "missing_lines": 4, "excluded_lines": 0}, "missing_lines": [296, 297, 298, 299], "excluded_lines": []}, "convert_bytes_for_json": {"executed_lines": [], "summary": {"covered_lines": 0, "num_statements": 7, "percent_covered": 0.0, "percent_covered_display": "0", "missing_lines": 7, "excluded_lines": 0}, "missing_lines": [304, 305, 306, 307, 308, 309, 310], "excluded_lines": []}, "add_public_key_material": {"executed_lines": [], "summary": {"covered_lines": 0, "num_statements": 11, "percent_covered": 0.0, "percent_covered_display": "0", "missing_lines": 11, "excluded_lines": 0}, "missing_lines": [315, 316, 318, 319, 321, 322, 323, 325, 326, 328, 329], "excluded_lines": []}, "extract_credential_data": {"executed_lines": [], "summary": {"covered_lines": 0, "num_statements": 3, "percent_covered": 0.0, "percent_covered_display": "0", "missing_lines": 3, "excluded_lines": 0}, "missing_lines": [334, 335, 336], "excluded_lines": []}, "": {"executed_lines": [1, 2, 4, 5, 6, 7, 9, 17, 19, 31, 35, 39, 42, 46, 55, 60, 71, 81, 86, 98, 128, 140, 149, 159, 170, 182, 213, 231, 295, 302, 313, 332], "summary": {"covered_lines": 31, "num_statements": 31, "percent_covered": 100.0, "percent_covered_display": "100", "missing_lines": 0, "excluded_lines": 0}, "missing_lines": [], "excluded_lines": []}}, "classes": {"": {"executed_lines": [1, 2, 4, 5, 6, 7, 9, 17, 19, 31, 35, 39, 42, 43, 46, 47, 49, 50, 52, 55, 56, 57, 60, 61, 63, 64, 66, 67, 68, 71, 72, 74, 75, 77, 78, 81, 82, 83, 86, 87, 88, 92, 94, 95, 98, 99, 101, 102, 104, 105, 106, 108, 109, 110, 111, 112, 113, 114, 115, 117, 118, 120, 121, 122, 123, 128, 140, 149, 159, 160, 161, 162, 163, 170, 182, 183, 184, 185, 186, 187, 188, 191, 192, 193, 206, 207, 210, 213, 214, 215, 216, 217, 218, 231, 232, 233, 235, 236, 237, 238, 241, 242, 244, 286, 287, 288, 291, 292, 295, 302, 313, 332], "summary": {"covered_lines": 109, "num_statements": 237, "percent_covered": 45.9915611814346, "percent_covered_display": "46", "missing_lines": 128, "excluded_lines": 2}, "missing_lines": [48, 51, 62, 65, 73, 76, 93, 116, 119, 129, 130, 131, 132, 133, 134, 135, 136, 137, 141, 142, 143, 144, 145, 146, 150, 151, 152, 153, 154, 155, 156, 165, 167, 171, 172, 173, 174, 175, 177, 178, 179, 189, 190, 194, 196, 197, 198, 199, 200, 201, 202, 203, 204, 208, 209, 219, 220, 222, 223, 224, 225, 226, 227, 228, 239, 240, 247, 248, 249, 250, 251, 252, 254, 255, 256, 257, 258, 259, 260, 261, 262, 263, 264, 265, 266, 267, 269, 270, 271, 272, 273, 274, 275, 276, 277, 278, 279, 280, 281, 282, 284, 289, 290, 296, 297, 298, 299, 304, 305, 306, 307, 308, 309, 310, 315, 316, 318, 319, 321, 322, 323, 325, 326, 328, 329, 334, 335, 336], "excluded_lines": [122, 123]}}}}, "totals": {"covered_lines": 4660, "num_statements": 15783, "percent_covered": 29.525438763226255, "percent_covered_display": "30", "missing_lines": 11123, "excluded_lines": 183}}